#! /c/Source/iverilog-install/bin/vvp
:ivl_version "12.0 (devel)" "(s20150603-1539-g2693dd32b)";
:ivl_delay_selection "TYPICAL";
:vpi_time_precision + 0;
:vpi_module "C:\iverilog\lib\ivl\system.vpi";
:vpi_module "C:\iverilog\lib\ivl\vhdl_sys.vpi";
:vpi_module "C:\iverilog\lib\ivl\vhdl_textio.vpi";
:vpi_module "C:\iverilog\lib\ivl\v2005_math.vpi";
:vpi_module "C:\iverilog\lib\ivl\va_math.vpi";
S_0000022650ea8de0 .scope module, "MUX_tb" "MUX_tb" 2 3;
 .timescale 0 0;
v0000022650e5ba90_0 .var "choose", 0 0;
v0000022650e5bb30_0 .var "in", 1 0;
v0000022650e5bbd0_0 .net "z_out", 0 0, L_0000022650e5bc70;  1 drivers
S_0000022650ea5c50 .scope module, "mux_dut" "MUX_1_bit" 2 10, 3 1 0, S_0000022650ea8de0;
 .timescale 0 0;
    .port_info 0 /INPUT 2 "in";
    .port_info 1 /INPUT 1 "choose";
    .port_info 2 /OUTPUT 1 "z_out";
v0000022650e73710_0 .net "choose", 0 0, v0000022650e5ba90_0;  1 drivers
v0000022650e73120_0 .net "in", 1 0, v0000022650e5bb30_0;  1 drivers
v0000022650ea8c20_0 .net "z_out", 0 0, L_0000022650e5bc70;  alias, 1 drivers
L_0000022650e5bc70 .part/v v0000022650e5bb30_0, v0000022650e5ba90_0, 1;
    .scope S_0000022650ea8de0;
T_0 ;
    %pushi/vec4 0, 0, 2;
    %store/vec4 v0000022650e5bb30_0, 0, 2;
    %pushi/vec4 0, 0, 1;
    %store/vec4 v0000022650e5ba90_0, 0, 1;
    %vpi_call 2 16 "$display", "a\011b\011choose\011z_out" {0 0 0};
    %vpi_call 2 17 "$monitor", "%b\011%b\011%b\011\011%b", &PV<v0000022650e5bb30_0, 0, 1>, &PV<v0000022650e5bb30_0, 1, 1>, v0000022650e5ba90_0, v0000022650e5bbd0_0 {0 0 0};
    %delay 5, 0;
    %pushi/vec4 0, 0, 2;
    %store/vec4 v0000022650e5bb30_0, 0, 2;
    %pushi/vec4 0, 0, 1;
    %store/vec4 v0000022650e5ba90_0, 0, 1;
    %delay 5, 0;
    %pushi/vec4 1, 0, 2;
    %store/vec4 v0000022650e5bb30_0, 0, 2;
    %pushi/vec4 0, 0, 1;
    %store/vec4 v0000022650e5ba90_0, 0, 1;
    %delay 5, 0;
    %pushi/vec4 2, 0, 2;
    %store/vec4 v0000022650e5bb30_0, 0, 2;
    %pushi/vec4 0, 0, 1;
    %store/vec4 v0000022650e5ba90_0, 0, 1;
    %delay 5, 0;
    %pushi/vec4 3, 0, 2;
    %store/vec4 v0000022650e5bb30_0, 0, 2;
    %pushi/vec4 0, 0, 1;
    %store/vec4 v0000022650e5ba90_0, 0, 1;
    %delay 5, 0;
    %pushi/vec4 0, 0, 2;
    %store/vec4 v0000022650e5bb30_0, 0, 2;
    %pushi/vec4 1, 0, 1;
    %store/vec4 v0000022650e5ba90_0, 0, 1;
    %delay 5, 0;
    %pushi/vec4 1, 0, 2;
    %store/vec4 v0000022650e5bb30_0, 0, 2;
    %pushi/vec4 1, 0, 1;
    %store/vec4 v0000022650e5ba90_0, 0, 1;
    %delay 5, 0;
    %pushi/vec4 2, 0, 2;
    %store/vec4 v0000022650e5bb30_0, 0, 2;
    %pushi/vec4 1, 0, 1;
    %store/vec4 v0000022650e5ba90_0, 0, 1;
    %delay 5, 0;
    %pushi/vec4 3, 0, 2;
    %store/vec4 v0000022650e5bb30_0, 0, 2;
    %pushi/vec4 1, 0, 1;
    %store/vec4 v0000022650e5ba90_0, 0, 1;
    %end;
    .thread T_0;
# The file index is used to find the file name in the following table.
:file_names 4;
    "N/A";
    "<interactive>";
    "1_bit_MUX_tb.v";
    "./1_bit_MUX.v";
