#! /c/Source/iverilog-install/bin/vvp
:ivl_version "12.0 (devel)" "(s20150603-1539-g2693dd32b)";
:ivl_delay_selection "TYPICAL";
:vpi_time_precision + 0;
:vpi_module "C:\iverilog\lib\ivl\system.vpi";
:vpi_module "C:\iverilog\lib\ivl\vhdl_sys.vpi";
:vpi_module "C:\iverilog\lib\ivl\vhdl_textio.vpi";
:vpi_module "C:\iverilog\lib\ivl\v2005_math.vpi";
:vpi_module "C:\iverilog\lib\ivl\va_math.vpi";
S_000001d642958cb0 .scope module, "MUX_tb" "MUX_tb" 2 3;
 .timescale 0 0;
v000001d642955b50_0 .var "choose", 1 0;
v000001d642955bf0_0 .var "in", 3 0;
v000001d642955c90_0 .net "z_out", 0 0, L_000001d642955d30;  1 drivers
S_000001d642958e40 .scope module, "mux_dut" "MUX_2_bit" 2 10, 3 1 0, S_000001d642958cb0;
 .timescale 0 0;
    .port_info 0 /INPUT 4 "in";
    .port_info 1 /INPUT 2 "choose";
    .port_info 2 /OUTPUT 1 "z_out";
v000001d642923510_0 .net "choose", 1 0, v000001d642955b50_0;  1 drivers
v000001d642909e50_0 .net "in", 3 0, v000001d642955bf0_0;  1 drivers
v000001d642909ef0_0 .net "z_out", 0 0, L_000001d642955d30;  alias, 1 drivers
L_000001d642955d30 .part/v v000001d642955bf0_0, v000001d642955b50_0, 1;
    .scope S_000001d642958cb0;
T_0 ;
    %pushi/vec4 0, 0, 4;
    %store/vec4 v000001d642955bf0_0, 0, 4;
    %pushi/vec4 0, 0, 2;
    %store/vec4 v000001d642955b50_0, 0, 2;
    %vpi_call 2 16 "$display", "a\011b\011c\011d\011choose\011z_out" {0 0 0};
    %vpi_call 2 17 "$monitor", "%b\011%b\011%b\011%b\011%b%b\011\011%b", &PV<v000001d642955bf0_0, 3, 1>, &PV<v000001d642955bf0_0, 2, 1>, &PV<v000001d642955bf0_0, 1, 1>, &PV<v000001d642955bf0_0, 0, 1>, &PV<v000001d642955b50_0, 1, 1>, &PV<v000001d642955b50_0, 0, 1>, v000001d642955c90_0 {0 0 0};
    %delay 5, 0;
    %pushi/vec4 1, 0, 4;
    %store/vec4 v000001d642955bf0_0, 0, 4;
    %pushi/vec4 0, 0, 2;
    %store/vec4 v000001d642955b50_0, 0, 2;
    %delay 5, 0;
    %pushi/vec4 14, 0, 4;
    %store/vec4 v000001d642955bf0_0, 0, 4;
    %pushi/vec4 0, 0, 2;
    %store/vec4 v000001d642955b50_0, 0, 2;
    %delay 5, 0;
    %pushi/vec4 2, 0, 4;
    %store/vec4 v000001d642955bf0_0, 0, 4;
    %pushi/vec4 1, 0, 2;
    %store/vec4 v000001d642955b50_0, 0, 2;
    %delay 5, 0;
    %pushi/vec4 13, 0, 4;
    %store/vec4 v000001d642955bf0_0, 0, 4;
    %pushi/vec4 1, 0, 2;
    %store/vec4 v000001d642955b50_0, 0, 2;
    %delay 5, 0;
    %pushi/vec4 4, 0, 4;
    %store/vec4 v000001d642955bf0_0, 0, 4;
    %pushi/vec4 2, 0, 2;
    %store/vec4 v000001d642955b50_0, 0, 2;
    %delay 5, 0;
    %pushi/vec4 11, 0, 4;
    %store/vec4 v000001d642955bf0_0, 0, 4;
    %pushi/vec4 2, 0, 2;
    %store/vec4 v000001d642955b50_0, 0, 2;
    %delay 5, 0;
    %pushi/vec4 8, 0, 4;
    %store/vec4 v000001d642955bf0_0, 0, 4;
    %pushi/vec4 3, 0, 2;
    %store/vec4 v000001d642955b50_0, 0, 2;
    %delay 5, 0;
    %pushi/vec4 7, 0, 4;
    %store/vec4 v000001d642955bf0_0, 0, 4;
    %pushi/vec4 3, 0, 2;
    %store/vec4 v000001d642955b50_0, 0, 2;
    %end;
    .thread T_0;
# The file index is used to find the file name in the following table.
:file_names 4;
    "N/A";
    "<interactive>";
    "2_bit_MUX_tb.v";
    "./2_bit_MUX.v";
