#! /c/Source/iverilog-install/bin/vvp
:ivl_version "12.0 (devel)" "(s20150603-1539-g2693dd32b)";
:ivl_delay_selection "TYPICAL";
:vpi_time_precision + 0;
:vpi_module "C:\iverilog\lib\ivl\system.vpi";
:vpi_module "C:\iverilog\lib\ivl\vhdl_sys.vpi";
:vpi_module "C:\iverilog\lib\ivl\vhdl_textio.vpi";
:vpi_module "C:\iverilog\lib\ivl\v2005_math.vpi";
:vpi_module "C:\iverilog\lib\ivl\va_math.vpi";
S_000001f3bfffbb60 .scope module, "adder_8_bit_tb" "adder_8_bit_tb" 2 3;
 .timescale 0 0;
v000001f3c004a610_0 .var "a", 7 0;
v000001f3c004c370_0 .var "b", 7 0;
v000001f3c004ab10_0 .var "b_inv", 0 0;
v000001f3c004c5f0_0 .var "operation", 1 0;
v000001f3c004a6b0_0 .net "overflow", 0 0, L_000001f3c00acfb0;  1 drivers
v000001f3c004a750_0 .net "result", 7 0, L_000001f3c009d930;  1 drivers
v000001f3c004a9d0_0 .net "zero", 0 0, L_000001f3c009fd70;  1 drivers
S_000001f3bff1f4f0 .scope module, "adder_8_bit_dut" "adder_8_bit" 2 13, 3 8 0, S_000001f3bfffbb60;
 .timescale 0 0;
    .port_info 0 /INPUT 8 "a";
    .port_info 1 /INPUT 8 "b";
    .port_info 2 /INPUT 1 "b_inv";
    .port_info 3 /INPUT 2 "operation";
    .port_info 4 /OUTPUT 8 "result";
    .port_info 5 /OUTPUT 1 "overflow";
    .port_info 6 /OUTPUT 1 "zero";
L_000001f3c00aff60 .functor BUFZ 1, v000001f3c004ab10_0, C4<0>, C4<0>, C4<0>;
v000001f3c004c7d0_0 .net *"_ivl_1", 6 0, L_000001f3c009d430;  1 drivers
v000001f3c004c410_0 .net *"_ivl_10", 6 0, L_000001f3c009c990;  1 drivers
v000001f3c004c050_0 .net *"_ivl_19", 6 0, L_000001f3c009dd90;  1 drivers
v000001f3c004bab0_0 .net *"_ivl_27", 6 0, L_000001f3c009d7f0;  1 drivers
v000001f3c004a390_0 .net *"_ivl_30", 6 0, L_000001f3c009c8f0;  1 drivers
v000001f3c004a430_0 .net *"_ivl_51", 0 0, L_000001f3c00aff60;  1 drivers
v000001f3c004b470_0 .net *"_ivl_56", 6 0, L_000001f3c009ded0;  1 drivers
v000001f3c004b510_0 .net *"_ivl_57", 31 0, L_000001f3c009bef0;  1 drivers
L_000001f3c004f8d8 .functor BUFT 1, C4<000000000000000000000000>, C4<0>, C4<0>, C4<0>;
v000001f3c004c0f0_0 .net *"_ivl_60", 23 0, L_000001f3c004f8d8;  1 drivers
L_000001f3c004f920 .functor BUFT 1, C4<00000000000000000000000000000000>, C4<0>, C4<0>, C4<0>;
v000001f3c004a7f0_0 .net/2u *"_ivl_61", 31 0, L_000001f3c004f920;  1 drivers
v000001f3c004c9b0_0 .net "a", 7 0, v000001f3c004a610_0;  1 drivers
v000001f3c004ad90_0 .net "a_out", 6 0, L_000001f3c009ba90;  1 drivers
v000001f3c004c2d0_0 .net "b", 7 0, v000001f3c004c370_0;  1 drivers
v000001f3c004c870_0 .net "b_inv", 0 0, v000001f3c004ab10_0;  1 drivers
v000001f3c004bb50_0 .net "b_out", 6 0, L_000001f3c009d890;  1 drivers
v000001f3c004c550_0 .net "c_in", 7 0, L_000001f3c009de30;  1 drivers
v000001f3c004c730_0 .net "c_out", 7 0, L_000001f3c009d9d0;  1 drivers
v000001f3c004bbf0_0 .net "operation", 1 0, v000001f3c004c5f0_0;  1 drivers
v000001f3c004a930_0 .net "overflow", 0 0, L_000001f3c00acfb0;  alias, 1 drivers
v000001f3c004c910_0 .net "result", 7 0, L_000001f3c009d930;  alias, 1 drivers
v000001f3c004b010_0 .net "sum_out", 6 0, L_000001f3c009cad0;  1 drivers
v000001f3c004b650_0 .net "zero", 0 0, L_000001f3c009fd70;  alias, 1 drivers
L_000001f3c009d430 .part v000001f3c004a610_0, 0, 7;
L_000001f3c009c3f0 .part L_000001f3c009d430, 0, 1;
L_000001f3c009cb70 .part L_000001f3c009d430, 1, 1;
L_000001f3c009c490 .part L_000001f3c009d430, 2, 1;
L_000001f3c009c2b0 .part L_000001f3c009d430, 3, 1;
L_000001f3c009c530 .part L_000001f3c009d430, 4, 1;
L_000001f3c009cd50 .part L_000001f3c009d430, 5, 1;
L_000001f3c009dcf0 .part L_000001f3c009d430, 6, 1;
L_000001f3c009c990 .part v000001f3c004c370_0, 0, 7;
L_000001f3c009c670 .part L_000001f3c009c990, 0, 1;
L_000001f3c009cf30 .part L_000001f3c009c990, 1, 1;
L_000001f3c009cfd0 .part L_000001f3c009c990, 2, 1;
L_000001f3c009e1f0 .part L_000001f3c009c990, 3, 1;
L_000001f3c009c170 .part L_000001f3c009c990, 4, 1;
L_000001f3c009d610 .part L_000001f3c009c990, 5, 1;
L_000001f3c009c5d0 .part L_000001f3c009c990, 6, 1;
L_000001f3c009dd90 .part L_000001f3c009de30, 0, 7;
L_000001f3c009c710 .part L_000001f3c009dd90, 0, 1;
L_000001f3c009c7b0 .part L_000001f3c009dd90, 1, 1;
L_000001f3c009bb30 .part L_000001f3c009dd90, 2, 1;
L_000001f3c009ca30 .part L_000001f3c009dd90, 3, 1;
L_000001f3c009c850 .part L_000001f3c009dd90, 4, 1;
L_000001f3c009cc10 .part L_000001f3c009dd90, 5, 1;
L_000001f3c009d070 .part L_000001f3c009dd90, 6, 1;
LS_000001f3c009d7f0_0_0 .concat [ 1 1 1 1], L_000001f3c004aed0, L_000001f3c009dbb0, L_000001f3c009e010, L_000001f3c009d2f0;
LS_000001f3c009d7f0_0_4 .concat [ 1 1 1 0], L_000001f3c009e150, L_000001f3c009c210, L_000001f3c009ccb0;
L_000001f3c009d7f0 .concat [ 4 3 0 0], LS_000001f3c009d7f0_0_0, LS_000001f3c009d7f0_0_4;
LS_000001f3c009c8f0_0_0 .concat [ 1 1 1 1], L_000001f3c004f0c0, L_000001f3c00a4ab0, L_000001f3c00a4810, L_000001f3c00a50d0;
LS_000001f3c009c8f0_0_4 .concat [ 1 1 1 0], L_000001f3c00aae50, L_000001f3c00aaf30, L_000001f3c00abea0;
L_000001f3c009c8f0 .concat [ 4 3 0 0], LS_000001f3c009c8f0_0_0, LS_000001f3c009c8f0_0_4;
LS_000001f3c009ba90_0_0 .concat [ 1 1 1 1], L_000001f3bff9e5a0, L_000001f3c004e640, L_000001f3c00a4490, L_000001f3c00a3d20;
LS_000001f3c009ba90_0_4 .concat [ 1 1 1 0], L_000001f3c00a9480, L_000001f3c00a9aa0, L_000001f3c00aafa0;
L_000001f3c009ba90 .concat [ 4 3 0 0], LS_000001f3c009ba90_0_0, LS_000001f3c009ba90_0_4;
LS_000001f3c009d890_0_0 .concat [ 1 1 1 1], L_000001f3c004ae30, L_000001f3c009d6b0, L_000001f3c009c0d0, L_000001f3c009ce90;
LS_000001f3c009d890_0_4 .concat [ 1 1 1 0], L_000001f3c009be50, L_000001f3c009cdf0, L_000001f3c009d4d0;
L_000001f3c009d890 .concat [ 4 3 0 0], LS_000001f3c009d890_0_0, LS_000001f3c009d890_0_4;
LS_000001f3c009cad0_0_0 .concat [ 1 1 1 1], L_000001f3bff9e4c0, L_000001f3c004ebf0, L_000001f3c00a47a0, L_000001f3c00a4d50;
LS_000001f3c009cad0_0_4 .concat [ 1 1 1 0], L_000001f3c00a9e90, L_000001f3c00a9640, L_000001f3c00aca00;
L_000001f3c009cad0 .concat [ 4 3 0 0], LS_000001f3c009cad0_0_0, LS_000001f3c009cad0_0_4;
L_000001f3c009bbd0 .part v000001f3c004a610_0, 7, 1;
L_000001f3c009bd10 .part v000001f3c004c370_0, 7, 1;
L_000001f3c009d750 .part L_000001f3c009de30, 7, 1;
L_000001f3c009d930 .concat8 [ 7 1 0 0], L_000001f3c009d7f0, L_000001f3c009d250;
L_000001f3c009d9d0 .concat8 [ 7 1 0 0], L_000001f3c009c8f0, L_000001f3c00acc30;
L_000001f3c009de30 .concat8 [ 1 7 0 0], L_000001f3c00aff60, L_000001f3c009ded0;
L_000001f3c009ded0 .part L_000001f3c009d9d0, 0, 7;
L_000001f3c009bef0 .concat [ 8 24 0 0], L_000001f3c009d930, L_000001f3c004f8d8;
L_000001f3c009fd70 .cmp/eq 32, L_000001f3c009bef0, L_000001f3c004f920;
S_000001f3bff1f680 .scope module, "ALU1[0]" "ALU" 3 20, 4 5 0, S_000001f3bff1f4f0;
 .timescale 0 0;
    .port_info 0 /INPUT 1 "a";
    .port_info 1 /INPUT 1 "b";
    .port_info 2 /INPUT 1 "b_inv";
    .port_info 3 /INPUT 1 "c_in";
    .port_info 4 /INPUT 2 "operation";
    .port_info 5 /OUTPUT 1 "result";
    .port_info 6 /OUTPUT 1 "carry_out";
    .port_info 7 /OUTPUT 1 "a_out";
    .port_info 8 /OUTPUT 1 "b_out";
    .port_info 9 /OUTPUT 1 "sum_out";
L_000001f3bff9e5a0 .functor BUFZ 1, L_000001f3c009c3f0, C4<0>, C4<0>, C4<0>;
L_000001f3bff9e990 .functor NOT 1, L_000001f3c009c670, C4<0>, C4<0>, C4<0>;
L_000001f3c004e6b0 .functor BUFZ 1, L_000001f3bff9e4c0, C4<0>, C4<0>, C4<0>;
L_000001f3c004f218 .functor BUFT 1, C4<0>, C4<0>, C4<0>, C4<0>;
v000001f3bffc9480_0 .net/2s *"_ivl_12", 0 0, L_000001f3c004f218;  1 drivers
L_000001f3c004f260 .functor BUFT 1, C4<0>, C4<0>, C4<0>, C4<0>;
v000001f3bffc9d40_0 .net/2s *"_ivl_16", 0 0, L_000001f3c004f260;  1 drivers
v000001f3bffc9f20_0 .net *"_ivl_2", 0 0, L_000001f3bff9e990;  1 drivers
L_000001f3c004f2a8 .functor BUFT 1, C4<0>, C4<0>, C4<0>, C4<0>;
v000001f3bffc9660_0 .net/2s *"_ivl_21", 0 0, L_000001f3c004f2a8;  1 drivers
v000001f3bffc9980_0 .net *"_ivl_9", 0 0, L_000001f3c004e6b0;  1 drivers
v000001f3bffc97a0_0 .net "a", 0 0, L_000001f3c009c3f0;  1 drivers
v000001f3bffc9840_0 .net "a_out", 0 0, L_000001f3bff9e5a0;  1 drivers
v000001f3bffc98e0_0 .net "b", 0 0, L_000001f3c009c670;  1 drivers
v000001f3bffc9a20_0 .net "b_inv", 0 0, v000001f3c004ab10_0;  alias, 1 drivers
v000001f3bffc8800_0 .net "b_out", 0 0, L_000001f3c004ae30;  1 drivers
v000001f3bffc81c0_0 .net "c_in", 0 0, L_000001f3c009c710;  1 drivers
v000001f3bffc8300_0 .net "carry_out", 0 0, L_000001f3c004f0c0;  1 drivers
v000001f3bffc83a0_0 .net "final_MUX_input", 3 0, L_000001f3c004b150;  1 drivers
v000001f3bffc8440_0 .net "in", 1 0, L_000001f3c004aa70;  1 drivers
v000001f3bffc88a0_0 .net "operation", 1 0, v000001f3c004c5f0_0;  alias, 1 drivers
v000001f3bffc8a80_0 .net "result", 0 0, L_000001f3c004aed0;  1 drivers
v000001f3bffc8d00_0 .net "sum_out", 0 0, L_000001f3bff9e4c0;  1 drivers
L_000001f3c004aa70 .concat [ 1 1 0 0], L_000001f3c009c670, L_000001f3bff9e990;
L_000001f3c004b150 .concat8 [ 1 1 1 1], L_000001f3c004e6b0, L_000001f3c004f218, L_000001f3c004f260, L_000001f3c004f2a8;
S_000001f3bff28690 .scope module, "MUX_1_bit_b_inv" "MUX_1_bit" 4 13, 5 1 0, S_000001f3bff1f680;
 .timescale 0 0;
    .port_info 0 /INPUT 2 "in";
    .port_info 1 /INPUT 1 "choose";
    .port_info 2 /OUTPUT 1 "z_out";
v000001f3bff9c890_0 .net "choose", 0 0, v000001f3c004ab10_0;  alias, 1 drivers
v000001f3bff9aef0_0 .net "in", 1 0, L_000001f3c004aa70;  alias, 1 drivers
v000001f3bff9c9d0_0 .net "z_out", 0 0, L_000001f3c004ae30;  alias, 1 drivers
L_000001f3c004ae30 .part/v L_000001f3c004aa70, v000001f3c004ab10_0, 1;
S_000001f3bff28820 .scope module, "MUX_2_bit_operation" "MUX_2_bit" 4 24, 6 1 0, S_000001f3bff1f680;
 .timescale 0 0;
    .port_info 0 /INPUT 4 "in";
    .port_info 1 /INPUT 2 "choose";
    .port_info 2 /OUTPUT 1 "z_out";
v000001f3bff9cb10_0 .net "choose", 1 0, v000001f3c004c5f0_0;  alias, 1 drivers
v000001f3bff9cd90_0 .net "in", 3 0, L_000001f3c004b150;  alias, 1 drivers
v000001f3bff9ca70_0 .net "z_out", 0 0, L_000001f3c004aed0;  alias, 1 drivers
L_000001f3c004aed0 .part/v L_000001f3c004b150, v000001f3c004c5f0_0, 1;
S_000001f3bff1b2d0 .scope module, "adder_alu" "adder" 4 16, 7 1 0, S_000001f3bff1f680;
 .timescale 0 0;
    .port_info 0 /OUTPUT 1 "s";
    .port_info 1 /OUTPUT 1 "c0";
    .port_info 2 /INPUT 1 "a";
    .port_info 3 /INPUT 1 "b";
    .port_info 4 /INPUT 1 "c";
L_000001f3bff9e060 .functor NOT 1, L_000001f3c009c3f0, C4<0>, C4<0>, C4<0>;
L_000001f3bff9e1b0 .functor NOT 1, L_000001f3c004ae30, C4<0>, C4<0>, C4<0>;
L_000001f3bff9e300 .functor AND 1, L_000001f3bff9e060, L_000001f3bff9e1b0, C4<1>, C4<1>;
L_000001f3bff9e680 .functor AND 1, L_000001f3bff9e300, L_000001f3c009c710, C4<1>, C4<1>;
L_000001f3bff9e610 .functor NOT 1, L_000001f3c009c3f0, C4<0>, C4<0>, C4<0>;
L_000001f3bff9df10 .functor AND 1, L_000001f3bff9e610, L_000001f3c004ae30, C4<1>, C4<1>;
L_000001f3bff9e450 .functor NOT 1, L_000001f3c009c710, C4<0>, C4<0>, C4<0>;
L_000001f3bff9e3e0 .functor AND 1, L_000001f3bff9df10, L_000001f3bff9e450, C4<1>, C4<1>;
L_000001f3bff9e8b0 .functor OR 1, L_000001f3bff9e680, L_000001f3bff9e3e0, C4<0>, C4<0>;
L_000001f3bff9dff0 .functor NOT 1, L_000001f3c004ae30, C4<0>, C4<0>, C4<0>;
L_000001f3bff9ea00 .functor AND 1, L_000001f3c009c3f0, L_000001f3bff9dff0, C4<1>, C4<1>;
L_000001f3bff9e0d0 .functor NOT 1, L_000001f3c009c710, C4<0>, C4<0>, C4<0>;
L_000001f3bff9e7d0 .functor AND 1, L_000001f3bff9ea00, L_000001f3bff9e0d0, C4<1>, C4<1>;
L_000001f3bff9eae0 .functor OR 1, L_000001f3bff9e8b0, L_000001f3bff9e7d0, C4<0>, C4<0>;
L_000001f3bff9ebc0 .functor AND 1, L_000001f3c009c3f0, L_000001f3c004ae30, C4<1>, C4<1>;
L_000001f3bff9e920 .functor AND 1, L_000001f3bff9ebc0, L_000001f3c009c710, C4<1>, C4<1>;
L_000001f3bff9e4c0 .functor OR 1, L_000001f3bff9eae0, L_000001f3bff9e920, C4<0>, C4<0>;
L_000001f3bff9e370 .functor NOT 1, L_000001f3c009c3f0, C4<0>, C4<0>, C4<0>;
L_000001f3bff9ed80 .functor AND 1, L_000001f3bff9e370, L_000001f3c004ae30, C4<1>, C4<1>;
L_000001f3bff9ea70 .functor AND 1, L_000001f3bff9ed80, L_000001f3c009c710, C4<1>, C4<1>;
L_000001f3bff9e140 .functor NOT 1, L_000001f3c004ae30, C4<0>, C4<0>, C4<0>;
L_000001f3bff9eb50 .functor AND 1, L_000001f3c009c3f0, L_000001f3bff9e140, C4<1>, C4<1>;
L_000001f3bff9e760 .functor AND 1, L_000001f3bff9eb50, L_000001f3c009c710, C4<1>, C4<1>;
L_000001f3bff9ec30 .functor OR 1, L_000001f3bff9ea70, L_000001f3bff9e760, C4<0>, C4<0>;
L_000001f3bff9eca0 .functor AND 1, L_000001f3c009c3f0, L_000001f3c004ae30, C4<1>, C4<1>;
L_000001f3bff9ed10 .functor NOT 1, L_000001f3c009c710, C4<0>, C4<0>, C4<0>;
L_000001f3bff9e290 .functor AND 1, L_000001f3bff9eca0, L_000001f3bff9ed10, C4<1>, C4<1>;
L_000001f3c004ed40 .functor OR 1, L_000001f3bff9ec30, L_000001f3bff9e290, C4<0>, C4<0>;
L_000001f3c004eb10 .functor AND 1, L_000001f3c009c3f0, L_000001f3c004ae30, C4<1>, C4<1>;
L_000001f3c004e250 .functor AND 1, L_000001f3c004eb10, L_000001f3c009c710, C4<1>, C4<1>;
L_000001f3c004f0c0 .functor OR 1, L_000001f3c004ed40, L_000001f3c004e250, C4<0>, C4<0>;
v000001f3bff93ba0_0 .net *"_ivl_0", 0 0, L_000001f3bff9e060;  1 drivers
v000001f3bff94fa0_0 .net *"_ivl_10", 0 0, L_000001f3bff9df10;  1 drivers
v000001f3bffc92a0_0 .net *"_ivl_12", 0 0, L_000001f3bff9e450;  1 drivers
v000001f3bffc86c0_0 .net *"_ivl_14", 0 0, L_000001f3bff9e3e0;  1 drivers
v000001f3bffc8580_0 .net *"_ivl_16", 0 0, L_000001f3bff9e8b0;  1 drivers
v000001f3bffc90c0_0 .net *"_ivl_18", 0 0, L_000001f3bff9dff0;  1 drivers
v000001f3bffc8940_0 .net *"_ivl_2", 0 0, L_000001f3bff9e1b0;  1 drivers
v000001f3bffc8b20_0 .net *"_ivl_20", 0 0, L_000001f3bff9ea00;  1 drivers
v000001f3bffc8c60_0 .net *"_ivl_22", 0 0, L_000001f3bff9e0d0;  1 drivers
v000001f3bffc9160_0 .net *"_ivl_24", 0 0, L_000001f3bff9e7d0;  1 drivers
v000001f3bffc8260_0 .net *"_ivl_26", 0 0, L_000001f3bff9eae0;  1 drivers
v000001f3bffc9340_0 .net *"_ivl_28", 0 0, L_000001f3bff9ebc0;  1 drivers
v000001f3bffc8120_0 .net *"_ivl_30", 0 0, L_000001f3bff9e920;  1 drivers
v000001f3bffc84e0_0 .net *"_ivl_34", 0 0, L_000001f3bff9e370;  1 drivers
v000001f3bffc9520_0 .net *"_ivl_36", 0 0, L_000001f3bff9ed80;  1 drivers
v000001f3bffc9020_0 .net *"_ivl_38", 0 0, L_000001f3bff9ea70;  1 drivers
v000001f3bffc8bc0_0 .net *"_ivl_4", 0 0, L_000001f3bff9e300;  1 drivers
v000001f3bffc8760_0 .net *"_ivl_40", 0 0, L_000001f3bff9e140;  1 drivers
v000001f3bffc8ee0_0 .net *"_ivl_42", 0 0, L_000001f3bff9eb50;  1 drivers
v000001f3bffc9ac0_0 .net *"_ivl_44", 0 0, L_000001f3bff9e760;  1 drivers
v000001f3bffc9de0_0 .net *"_ivl_46", 0 0, L_000001f3bff9ec30;  1 drivers
v000001f3bffc8080_0 .net *"_ivl_48", 0 0, L_000001f3bff9eca0;  1 drivers
v000001f3bffc8620_0 .net *"_ivl_50", 0 0, L_000001f3bff9ed10;  1 drivers
v000001f3bffc9200_0 .net *"_ivl_52", 0 0, L_000001f3bff9e290;  1 drivers
v000001f3bffc95c0_0 .net *"_ivl_54", 0 0, L_000001f3c004ed40;  1 drivers
v000001f3bffc89e0_0 .net *"_ivl_56", 0 0, L_000001f3c004eb10;  1 drivers
v000001f3bffc9b60_0 .net *"_ivl_58", 0 0, L_000001f3c004e250;  1 drivers
v000001f3bffc9e80_0 .net *"_ivl_6", 0 0, L_000001f3bff9e680;  1 drivers
v000001f3bffc9c00_0 .net *"_ivl_8", 0 0, L_000001f3bff9e610;  1 drivers
v000001f3bffc93e0_0 .net "a", 0 0, L_000001f3c009c3f0;  alias, 1 drivers
v000001f3bffc8f80_0 .net "b", 0 0, L_000001f3c004ae30;  alias, 1 drivers
v000001f3bffc8da0_0 .net "c", 0 0, L_000001f3c009c710;  alias, 1 drivers
v000001f3bffc9ca0_0 .net "c0", 0 0, L_000001f3c004f0c0;  alias, 1 drivers
v000001f3bffc9700_0 .net "s", 0 0, L_000001f3bff9e4c0;  alias, 1 drivers
S_000001f3bff1acc0 .scope module, "ALU1[1]" "ALU" 3 20, 4 5 0, S_000001f3bff1f4f0;
 .timescale 0 0;
    .port_info 0 /INPUT 1 "a";
    .port_info 1 /INPUT 1 "b";
    .port_info 2 /INPUT 1 "b_inv";
    .port_info 3 /INPUT 1 "c_in";
    .port_info 4 /INPUT 2 "operation";
    .port_info 5 /OUTPUT 1 "result";
    .port_info 6 /OUTPUT 1 "carry_out";
    .port_info 7 /OUTPUT 1 "a_out";
    .port_info 8 /OUTPUT 1 "b_out";
    .port_info 9 /OUTPUT 1 "sum_out";
L_000001f3c004e640 .functor BUFZ 1, L_000001f3c009cb70, C4<0>, C4<0>, C4<0>;
L_000001f3c004e790 .functor NOT 1, L_000001f3c009cf30, C4<0>, C4<0>, C4<0>;
L_000001f3c00a3c40 .functor BUFZ 1, L_000001f3c004ebf0, C4<0>, C4<0>, C4<0>;
L_000001f3c004f2f0 .functor BUFT 1, C4<0>, C4<0>, C4<0>, C4<0>;
v000001f3bffcbcb0_0 .net/2s *"_ivl_12", 0 0, L_000001f3c004f2f0;  1 drivers
L_000001f3c004f338 .functor BUFT 1, C4<0>, C4<0>, C4<0>, C4<0>;
v000001f3bffca4f0_0 .net/2s *"_ivl_16", 0 0, L_000001f3c004f338;  1 drivers
v000001f3bffcbdf0_0 .net *"_ivl_2", 0 0, L_000001f3c004e790;  1 drivers
L_000001f3c004f380 .functor BUFT 1, C4<0>, C4<0>, C4<0>, C4<0>;
v000001f3bffcbf30_0 .net/2s *"_ivl_21", 0 0, L_000001f3c004f380;  1 drivers
v000001f3bffca770_0 .net *"_ivl_9", 0 0, L_000001f3c00a3c40;  1 drivers
v000001f3bffca130_0 .net "a", 0 0, L_000001f3c009cb70;  1 drivers
v000001f3bffca6d0_0 .net "a_out", 0 0, L_000001f3c004e640;  1 drivers
v000001f3bffcaa90_0 .net "b", 0 0, L_000001f3c009cf30;  1 drivers
v000001f3bffcab30_0 .net "b_inv", 0 0, v000001f3c004ab10_0;  alias, 1 drivers
v000001f3bffcabd0_0 .net "b_out", 0 0, L_000001f3c009d6b0;  1 drivers
v000001f3bffcac70_0 .net "c_in", 0 0, L_000001f3c009c7b0;  1 drivers
v000001f3c003d2a0_0 .net "carry_out", 0 0, L_000001f3c00a4ab0;  1 drivers
v000001f3c003cee0_0 .net "final_MUX_input", 3 0, L_000001f3c009df70;  1 drivers
v000001f3c003d520_0 .net "in", 1 0, L_000001f3c004af70;  1 drivers
v000001f3c003cf80_0 .net "operation", 1 0, v000001f3c004c5f0_0;  alias, 1 drivers
v000001f3c003d660_0 .net "result", 0 0, L_000001f3c009dbb0;  1 drivers
v000001f3c003d3e0_0 .net "sum_out", 0 0, L_000001f3c004ebf0;  1 drivers
L_000001f3c004af70 .concat [ 1 1 0 0], L_000001f3c009cf30, L_000001f3c004e790;
L_000001f3c009df70 .concat8 [ 1 1 1 1], L_000001f3c00a3c40, L_000001f3c004f2f0, L_000001f3c004f338, L_000001f3c004f380;
S_000001f3bff1ae50 .scope module, "MUX_1_bit_b_inv" "MUX_1_bit" 4 13, 5 1 0, S_000001f3bff1acc0;
 .timescale 0 0;
    .port_info 0 /INPUT 2 "in";
    .port_info 1 /INPUT 1 "choose";
    .port_info 2 /OUTPUT 1 "z_out";
v000001f3bffc8e40_0 .net "choose", 0 0, v000001f3c004ab10_0;  alias, 1 drivers
v000001f3bffcb3f0_0 .net "in", 1 0, L_000001f3c004af70;  alias, 1 drivers
v000001f3bffca090_0 .net "z_out", 0 0, L_000001f3c009d6b0;  alias, 1 drivers
L_000001f3c009d6b0 .part/v L_000001f3c004af70, v000001f3c004ab10_0, 1;
S_000001f3bff1a720 .scope module, "MUX_2_bit_operation" "MUX_2_bit" 4 24, 6 1 0, S_000001f3bff1acc0;
 .timescale 0 0;
    .port_info 0 /INPUT 4 "in";
    .port_info 1 /INPUT 2 "choose";
    .port_info 2 /OUTPUT 1 "z_out";
v000001f3bffcb210_0 .net "choose", 1 0, v000001f3c004c5f0_0;  alias, 1 drivers
v000001f3bffcb530_0 .net "in", 3 0, L_000001f3c009df70;  alias, 1 drivers
v000001f3bffca630_0 .net "z_out", 0 0, L_000001f3c009dbb0;  alias, 1 drivers
L_000001f3c009dbb0 .part/v L_000001f3c009df70, v000001f3c004c5f0_0, 1;
S_000001f3bff1a8b0 .scope module, "adder_alu" "adder" 4 16, 7 1 0, S_000001f3bff1acc0;
 .timescale 0 0;
    .port_info 0 /OUTPUT 1 "s";
    .port_info 1 /OUTPUT 1 "c0";
    .port_info 2 /INPUT 1 "a";
    .port_info 3 /INPUT 1 "b";
    .port_info 4 /INPUT 1 "c";
L_000001f3c004efe0 .functor NOT 1, L_000001f3c009cb70, C4<0>, C4<0>, C4<0>;
L_000001f3c004eaa0 .functor NOT 1, L_000001f3c009d6b0, C4<0>, C4<0>, C4<0>;
L_000001f3c004f130 .functor AND 1, L_000001f3c004efe0, L_000001f3c004eaa0, C4<1>, C4<1>;
L_000001f3c004e4f0 .functor AND 1, L_000001f3c004f130, L_000001f3c009c7b0, C4<1>, C4<1>;
L_000001f3c004eb80 .functor NOT 1, L_000001f3c009cb70, C4<0>, C4<0>, C4<0>;
L_000001f3c004e9c0 .functor AND 1, L_000001f3c004eb80, L_000001f3c009d6b0, C4<1>, C4<1>;
L_000001f3c004ea30 .functor NOT 1, L_000001f3c009c7b0, C4<0>, C4<0>, C4<0>;
L_000001f3c004e720 .functor AND 1, L_000001f3c004e9c0, L_000001f3c004ea30, C4<1>, C4<1>;
L_000001f3c004ef00 .functor OR 1, L_000001f3c004e4f0, L_000001f3c004e720, C4<0>, C4<0>;
L_000001f3c004e800 .functor NOT 1, L_000001f3c009d6b0, C4<0>, C4<0>, C4<0>;
L_000001f3c004e870 .functor AND 1, L_000001f3c009cb70, L_000001f3c004e800, C4<1>, C4<1>;
L_000001f3c004edb0 .functor NOT 1, L_000001f3c009c7b0, C4<0>, C4<0>, C4<0>;
L_000001f3c004e8e0 .functor AND 1, L_000001f3c004e870, L_000001f3c004edb0, C4<1>, C4<1>;
L_000001f3c004ec60 .functor OR 1, L_000001f3c004ef00, L_000001f3c004e8e0, C4<0>, C4<0>;
L_000001f3c004ef70 .functor AND 1, L_000001f3c009cb70, L_000001f3c009d6b0, C4<1>, C4<1>;
L_000001f3c004e480 .functor AND 1, L_000001f3c004ef70, L_000001f3c009c7b0, C4<1>, C4<1>;
L_000001f3c004ebf0 .functor OR 1, L_000001f3c004ec60, L_000001f3c004e480, C4<0>, C4<0>;
L_000001f3c004ee20 .functor NOT 1, L_000001f3c009cb70, C4<0>, C4<0>, C4<0>;
L_000001f3c004e2c0 .functor AND 1, L_000001f3c004ee20, L_000001f3c009d6b0, C4<1>, C4<1>;
L_000001f3c004e950 .functor AND 1, L_000001f3c004e2c0, L_000001f3c009c7b0, C4<1>, C4<1>;
L_000001f3c004ee90 .functor NOT 1, L_000001f3c009d6b0, C4<0>, C4<0>, C4<0>;
L_000001f3c004f050 .functor AND 1, L_000001f3c009cb70, L_000001f3c004ee90, C4<1>, C4<1>;
L_000001f3c004e330 .functor AND 1, L_000001f3c004f050, L_000001f3c009c7b0, C4<1>, C4<1>;
L_000001f3c004ecd0 .functor OR 1, L_000001f3c004e950, L_000001f3c004e330, C4<0>, C4<0>;
L_000001f3c004e3a0 .functor AND 1, L_000001f3c009cb70, L_000001f3c009d6b0, C4<1>, C4<1>;
L_000001f3c004e410 .functor NOT 1, L_000001f3c009c7b0, C4<0>, C4<0>, C4<0>;
L_000001f3c004e560 .functor AND 1, L_000001f3c004e3a0, L_000001f3c004e410, C4<1>, C4<1>;
L_000001f3c004e5d0 .functor OR 1, L_000001f3c004ecd0, L_000001f3c004e560, C4<0>, C4<0>;
L_000001f3c00a4a40 .functor AND 1, L_000001f3c009cb70, L_000001f3c009d6b0, C4<1>, C4<1>;
L_000001f3c00a38c0 .functor AND 1, L_000001f3c00a4a40, L_000001f3c009c7b0, C4<1>, C4<1>;
L_000001f3c00a4ab0 .functor OR 1, L_000001f3c004e5d0, L_000001f3c00a38c0, C4<0>, C4<0>;
v000001f3bffca8b0_0 .net *"_ivl_0", 0 0, L_000001f3c004efe0;  1 drivers
v000001f3bffcadb0_0 .net *"_ivl_10", 0 0, L_000001f3c004e9c0;  1 drivers
v000001f3bffcb2b0_0 .net *"_ivl_12", 0 0, L_000001f3c004ea30;  1 drivers
v000001f3bffcb490_0 .net *"_ivl_14", 0 0, L_000001f3c004e720;  1 drivers
v000001f3bffca1d0_0 .net *"_ivl_16", 0 0, L_000001f3c004ef00;  1 drivers
v000001f3bffcb350_0 .net *"_ivl_18", 0 0, L_000001f3c004e800;  1 drivers
v000001f3bffca3b0_0 .net *"_ivl_2", 0 0, L_000001f3c004eaa0;  1 drivers
v000001f3bffca810_0 .net *"_ivl_20", 0 0, L_000001f3c004e870;  1 drivers
v000001f3bffca310_0 .net *"_ivl_22", 0 0, L_000001f3c004edb0;  1 drivers
v000001f3bffcbd50_0 .net *"_ivl_24", 0 0, L_000001f3c004e8e0;  1 drivers
v000001f3bffcb850_0 .net *"_ivl_26", 0 0, L_000001f3c004ec60;  1 drivers
v000001f3bffcb5d0_0 .net *"_ivl_28", 0 0, L_000001f3c004ef70;  1 drivers
v000001f3bffcb670_0 .net *"_ivl_30", 0 0, L_000001f3c004e480;  1 drivers
v000001f3bffcbad0_0 .net *"_ivl_34", 0 0, L_000001f3c004ee20;  1 drivers
v000001f3bffcb710_0 .net *"_ivl_36", 0 0, L_000001f3c004e2c0;  1 drivers
v000001f3bffcbe90_0 .net *"_ivl_38", 0 0, L_000001f3c004e950;  1 drivers
v000001f3bffcaef0_0 .net *"_ivl_4", 0 0, L_000001f3c004f130;  1 drivers
v000001f3bffca450_0 .net *"_ivl_40", 0 0, L_000001f3c004ee90;  1 drivers
v000001f3bffca950_0 .net *"_ivl_42", 0 0, L_000001f3c004f050;  1 drivers
v000001f3bffca270_0 .net *"_ivl_44", 0 0, L_000001f3c004e330;  1 drivers
v000001f3bffcb0d0_0 .net *"_ivl_46", 0 0, L_000001f3c004ecd0;  1 drivers
v000001f3bffcae50_0 .net *"_ivl_48", 0 0, L_000001f3c004e3a0;  1 drivers
v000001f3bffcaf90_0 .net *"_ivl_50", 0 0, L_000001f3c004e410;  1 drivers
v000001f3bffcb7b0_0 .net *"_ivl_52", 0 0, L_000001f3c004e560;  1 drivers
v000001f3bffcad10_0 .net *"_ivl_54", 0 0, L_000001f3c004e5d0;  1 drivers
v000001f3bffca9f0_0 .net *"_ivl_56", 0 0, L_000001f3c00a4a40;  1 drivers
v000001f3bffcb030_0 .net *"_ivl_58", 0 0, L_000001f3c00a38c0;  1 drivers
v000001f3bffcb8f0_0 .net *"_ivl_6", 0 0, L_000001f3c004e4f0;  1 drivers
v000001f3bffcb990_0 .net *"_ivl_8", 0 0, L_000001f3c004eb80;  1 drivers
v000001f3bffcba30_0 .net "a", 0 0, L_000001f3c009cb70;  alias, 1 drivers
v000001f3bffca590_0 .net "b", 0 0, L_000001f3c009d6b0;  alias, 1 drivers
v000001f3bffcbb70_0 .net "c", 0 0, L_000001f3c009c7b0;  alias, 1 drivers
v000001f3bffcb170_0 .net "c0", 0 0, L_000001f3c00a4ab0;  alias, 1 drivers
v000001f3bffcbc10_0 .net "s", 0 0, L_000001f3c004ebf0;  alias, 1 drivers
S_000001f3bfee2f70 .scope module, "ALU1[2]" "ALU" 3 20, 4 5 0, S_000001f3bff1f4f0;
 .timescale 0 0;
    .port_info 0 /INPUT 1 "a";
    .port_info 1 /INPUT 1 "b";
    .port_info 2 /INPUT 1 "b_inv";
    .port_info 3 /INPUT 1 "c_in";
    .port_info 4 /INPUT 2 "operation";
    .port_info 5 /OUTPUT 1 "result";
    .port_info 6 /OUTPUT 1 "carry_out";
    .port_info 7 /OUTPUT 1 "a_out";
    .port_info 8 /OUTPUT 1 "b_out";
    .port_info 9 /OUTPUT 1 "sum_out";
L_000001f3c00a4490 .functor BUFZ 1, L_000001f3c009c490, C4<0>, C4<0>, C4<0>;
L_000001f3c00a4340 .functor NOT 1, L_000001f3c009cfd0, C4<0>, C4<0>, C4<0>;
L_000001f3c00a4880 .functor BUFZ 1, L_000001f3c00a47a0, C4<0>, C4<0>, C4<0>;
L_000001f3c004f3c8 .functor BUFT 1, C4<0>, C4<0>, C4<0>, C4<0>;
v000001f3c0039a60_0 .net/2s *"_ivl_12", 0 0, L_000001f3c004f3c8;  1 drivers
L_000001f3c004f410 .functor BUFT 1, C4<0>, C4<0>, C4<0>, C4<0>;
v000001f3c00399c0_0 .net/2s *"_ivl_16", 0 0, L_000001f3c004f410;  1 drivers
v000001f3c003a1e0_0 .net *"_ivl_2", 0 0, L_000001f3c00a4340;  1 drivers
L_000001f3c004f458 .functor BUFT 1, C4<0>, C4<0>, C4<0>, C4<0>;
v000001f3c003afa0_0 .net/2s *"_ivl_21", 0 0, L_000001f3c004f458;  1 drivers
v000001f3c0039b00_0 .net *"_ivl_9", 0 0, L_000001f3c00a4880;  1 drivers
v000001f3c003b2c0_0 .net "a", 0 0, L_000001f3c009c490;  1 drivers
v000001f3c003a140_0 .net "a_out", 0 0, L_000001f3c00a4490;  1 drivers
v000001f3c003a460_0 .net "b", 0 0, L_000001f3c009cfd0;  1 drivers
v000001f3c003b720_0 .net "b_inv", 0 0, v000001f3c004ab10_0;  alias, 1 drivers
v000001f3c003b5e0_0 .net "b_out", 0 0, L_000001f3c009c0d0;  1 drivers
v000001f3c003bea0_0 .net "c_in", 0 0, L_000001f3c009bb30;  1 drivers
v000001f3c003b9a0_0 .net "carry_out", 0 0, L_000001f3c00a4810;  1 drivers
v000001f3c003bb80_0 .net "final_MUX_input", 3 0, L_000001f3c009c350;  1 drivers
v000001f3c003be00_0 .net "in", 1 0, L_000001f3c009bf90;  1 drivers
v000001f3c003b680_0 .net "operation", 1 0, v000001f3c004c5f0_0;  alias, 1 drivers
v000001f3c003b400_0 .net "result", 0 0, L_000001f3c009e010;  1 drivers
v000001f3c003a320_0 .net "sum_out", 0 0, L_000001f3c00a47a0;  1 drivers
L_000001f3c009bf90 .concat [ 1 1 0 0], L_000001f3c009cfd0, L_000001f3c00a4340;
L_000001f3c009c350 .concat8 [ 1 1 1 1], L_000001f3c00a4880, L_000001f3c004f3c8, L_000001f3c004f410, L_000001f3c004f458;
S_000001f3bfffcee0 .scope module, "MUX_1_bit_b_inv" "MUX_1_bit" 4 13, 5 1 0, S_000001f3bfee2f70;
 .timescale 0 0;
    .port_info 0 /INPUT 2 "in";
    .port_info 1 /INPUT 1 "choose";
    .port_info 2 /OUTPUT 1 "z_out";
v000001f3c003cbc0_0 .net "choose", 0 0, v000001f3c004ab10_0;  alias, 1 drivers
v000001f3c003cc60_0 .net "in", 1 0, L_000001f3c009bf90;  alias, 1 drivers
v000001f3c003d700_0 .net "z_out", 0 0, L_000001f3c009c0d0;  alias, 1 drivers
L_000001f3c009c0d0 .part/v L_000001f3c009bf90, v000001f3c004ab10_0, 1;
S_000001f3bfffd070 .scope module, "MUX_2_bit_operation" "MUX_2_bit" 4 24, 6 1 0, S_000001f3bfee2f70;
 .timescale 0 0;
    .port_info 0 /INPUT 4 "in";
    .port_info 1 /INPUT 2 "choose";
    .port_info 2 /OUTPUT 1 "z_out";
v000001f3c003c800_0 .net "choose", 1 0, v000001f3c004c5f0_0;  alias, 1 drivers
v000001f3c003c760_0 .net "in", 3 0, L_000001f3c009c350;  alias, 1 drivers
v000001f3c003cd00_0 .net "z_out", 0 0, L_000001f3c009e010;  alias, 1 drivers
L_000001f3c009e010 .part/v L_000001f3c009c350, v000001f3c004c5f0_0, 1;
S_000001f3bff9f060 .scope module, "adder_alu" "adder" 4 16, 7 1 0, S_000001f3bfee2f70;
 .timescale 0 0;
    .port_info 0 /OUTPUT 1 "s";
    .port_info 1 /OUTPUT 1 "c0";
    .port_info 2 /INPUT 1 "a";
    .port_info 3 /INPUT 1 "b";
    .port_info 4 /INPUT 1 "c";
L_000001f3c00a3770 .functor NOT 1, L_000001f3c009c490, C4<0>, C4<0>, C4<0>;
L_000001f3c00a3e70 .functor NOT 1, L_000001f3c009c0d0, C4<0>, C4<0>, C4<0>;
L_000001f3c00a45e0 .functor AND 1, L_000001f3c00a3770, L_000001f3c00a3e70, C4<1>, C4<1>;
L_000001f3c00a4570 .functor AND 1, L_000001f3c00a45e0, L_000001f3c009bb30, C4<1>, C4<1>;
L_000001f3c00a3ee0 .functor NOT 1, L_000001f3c009c490, C4<0>, C4<0>, C4<0>;
L_000001f3c00a37e0 .functor AND 1, L_000001f3c00a3ee0, L_000001f3c009c0d0, C4<1>, C4<1>;
L_000001f3c00a3a80 .functor NOT 1, L_000001f3c009bb30, C4<0>, C4<0>, C4<0>;
L_000001f3c00a4dc0 .functor AND 1, L_000001f3c00a37e0, L_000001f3c00a3a80, C4<1>, C4<1>;
L_000001f3c00a3fc0 .functor OR 1, L_000001f3c00a4570, L_000001f3c00a4dc0, C4<0>, C4<0>;
L_000001f3c00a3e00 .functor NOT 1, L_000001f3c009c0d0, C4<0>, C4<0>, C4<0>;
L_000001f3c00a4b20 .functor AND 1, L_000001f3c009c490, L_000001f3c00a3e00, C4<1>, C4<1>;
L_000001f3c00a3310 .functor NOT 1, L_000001f3c009bb30, C4<0>, C4<0>, C4<0>;
L_000001f3c00a4110 .functor AND 1, L_000001f3c00a4b20, L_000001f3c00a3310, C4<1>, C4<1>;
L_000001f3c00a3850 .functor OR 1, L_000001f3c00a3fc0, L_000001f3c00a4110, C4<0>, C4<0>;
L_000001f3c00a39a0 .functor AND 1, L_000001f3c009c490, L_000001f3c009c0d0, C4<1>, C4<1>;
L_000001f3c00a4650 .functor AND 1, L_000001f3c00a39a0, L_000001f3c009bb30, C4<1>, C4<1>;
L_000001f3c00a47a0 .functor OR 1, L_000001f3c00a3850, L_000001f3c00a4650, C4<0>, C4<0>;
L_000001f3c00a41f0 .functor NOT 1, L_000001f3c009c490, C4<0>, C4<0>, C4<0>;
L_000001f3c00a3460 .functor AND 1, L_000001f3c00a41f0, L_000001f3c009c0d0, C4<1>, C4<1>;
L_000001f3c00a3930 .functor AND 1, L_000001f3c00a3460, L_000001f3c009bb30, C4<1>, C4<1>;
L_000001f3c00a46c0 .functor NOT 1, L_000001f3c009c0d0, C4<0>, C4<0>, C4<0>;
L_000001f3c00a4730 .functor AND 1, L_000001f3c009c490, L_000001f3c00a46c0, C4<1>, C4<1>;
L_000001f3c00a3620 .functor AND 1, L_000001f3c00a4730, L_000001f3c009bb30, C4<1>, C4<1>;
L_000001f3c00a3f50 .functor OR 1, L_000001f3c00a3930, L_000001f3c00a3620, C4<0>, C4<0>;
L_000001f3c00a3700 .functor AND 1, L_000001f3c009c490, L_000001f3c009c0d0, C4<1>, C4<1>;
L_000001f3c00a42d0 .functor NOT 1, L_000001f3c009bb30, C4<0>, C4<0>, C4<0>;
L_000001f3c00a3b60 .functor AND 1, L_000001f3c00a3700, L_000001f3c00a42d0, C4<1>, C4<1>;
L_000001f3c00a4c00 .functor OR 1, L_000001f3c00a3f50, L_000001f3c00a3b60, C4<0>, C4<0>;
L_000001f3c00a43b0 .functor AND 1, L_000001f3c009c490, L_000001f3c009c0d0, C4<1>, C4<1>;
L_000001f3c00a3a10 .functor AND 1, L_000001f3c00a43b0, L_000001f3c009bb30, C4<1>, C4<1>;
L_000001f3c00a4810 .functor OR 1, L_000001f3c00a4c00, L_000001f3c00a3a10, C4<0>, C4<0>;
v000001f3c003c6c0_0 .net *"_ivl_0", 0 0, L_000001f3c00a3770;  1 drivers
v000001f3c003c1c0_0 .net *"_ivl_10", 0 0, L_000001f3c00a37e0;  1 drivers
v000001f3c003c9e0_0 .net *"_ivl_12", 0 0, L_000001f3c00a3a80;  1 drivers
v000001f3c003cda0_0 .net *"_ivl_14", 0 0, L_000001f3c00a4dc0;  1 drivers
v000001f3c003c260_0 .net *"_ivl_16", 0 0, L_000001f3c00a3fc0;  1 drivers
v000001f3c003d020_0 .net *"_ivl_18", 0 0, L_000001f3c00a3e00;  1 drivers
v000001f3c003c120_0 .net *"_ivl_2", 0 0, L_000001f3c00a3e70;  1 drivers
v000001f3c003d0c0_0 .net *"_ivl_20", 0 0, L_000001f3c00a4b20;  1 drivers
v000001f3c003c4e0_0 .net *"_ivl_22", 0 0, L_000001f3c00a3310;  1 drivers
v000001f3c003c580_0 .net *"_ivl_24", 0 0, L_000001f3c00a4110;  1 drivers
v000001f3c003c8a0_0 .net *"_ivl_26", 0 0, L_000001f3c00a3850;  1 drivers
v000001f3c003d7a0_0 .net *"_ivl_28", 0 0, L_000001f3c00a39a0;  1 drivers
v000001f3c003d480_0 .net *"_ivl_30", 0 0, L_000001f3c00a4650;  1 drivers
v000001f3c003d160_0 .net *"_ivl_34", 0 0, L_000001f3c00a41f0;  1 drivers
v000001f3c003d200_0 .net *"_ivl_36", 0 0, L_000001f3c00a3460;  1 drivers
v000001f3c003d5c0_0 .net *"_ivl_38", 0 0, L_000001f3c00a3930;  1 drivers
v000001f3c003d340_0 .net *"_ivl_4", 0 0, L_000001f3c00a45e0;  1 drivers
v000001f3c003c620_0 .net *"_ivl_40", 0 0, L_000001f3c00a46c0;  1 drivers
v000001f3c003c300_0 .net *"_ivl_42", 0 0, L_000001f3c00a4730;  1 drivers
v000001f3c003c940_0 .net *"_ivl_44", 0 0, L_000001f3c00a3620;  1 drivers
v000001f3c003ca80_0 .net *"_ivl_46", 0 0, L_000001f3c00a3f50;  1 drivers
v000001f3c003c3a0_0 .net *"_ivl_48", 0 0, L_000001f3c00a3700;  1 drivers
v000001f3c003c440_0 .net *"_ivl_50", 0 0, L_000001f3c00a42d0;  1 drivers
v000001f3c003cb20_0 .net *"_ivl_52", 0 0, L_000001f3c00a3b60;  1 drivers
v000001f3c003ce40_0 .net *"_ivl_54", 0 0, L_000001f3c00a4c00;  1 drivers
v000001f3c003b4a0_0 .net *"_ivl_56", 0 0, L_000001f3c00a43b0;  1 drivers
v000001f3c003a8c0_0 .net *"_ivl_58", 0 0, L_000001f3c00a3a10;  1 drivers
v000001f3c003a500_0 .net *"_ivl_6", 0 0, L_000001f3c00a4570;  1 drivers
v000001f3c003ac80_0 .net *"_ivl_8", 0 0, L_000001f3c00a3ee0;  1 drivers
v000001f3c003b360_0 .net "a", 0 0, L_000001f3c009c490;  alias, 1 drivers
v000001f3c003bf40_0 .net "b", 0 0, L_000001f3c009c0d0;  alias, 1 drivers
v000001f3c0039ec0_0 .net "c", 0 0, L_000001f3c009bb30;  alias, 1 drivers
v000001f3c003b220_0 .net "c0", 0 0, L_000001f3c00a4810;  alias, 1 drivers
v000001f3c0039f60_0 .net "s", 0 0, L_000001f3c00a47a0;  alias, 1 drivers
S_000001f3c003d8d0 .scope module, "ALU1[3]" "ALU" 3 20, 4 5 0, S_000001f3bff1f4f0;
 .timescale 0 0;
    .port_info 0 /INPUT 1 "a";
    .port_info 1 /INPUT 1 "b";
    .port_info 2 /INPUT 1 "b_inv";
    .port_info 3 /INPUT 1 "c_in";
    .port_info 4 /INPUT 2 "operation";
    .port_info 5 /OUTPUT 1 "result";
    .port_info 6 /OUTPUT 1 "carry_out";
    .port_info 7 /OUTPUT 1 "a_out";
    .port_info 8 /OUTPUT 1 "b_out";
    .port_info 9 /OUTPUT 1 "sum_out";
L_000001f3c00a3d20 .functor BUFZ 1, L_000001f3c009c2b0, C4<0>, C4<0>, C4<0>;
L_000001f3c00a4ce0 .functor NOT 1, L_000001f3c009e1f0, C4<0>, C4<0>, C4<0>;
L_000001f3c00a4f80 .functor BUFZ 1, L_000001f3c00a4d50, C4<0>, C4<0>, C4<0>;
L_000001f3c004f4a0 .functor BUFT 1, C4<0>, C4<0>, C4<0>, C4<0>;
v000001f3c0040790_0 .net/2s *"_ivl_12", 0 0, L_000001f3c004f4a0;  1 drivers
L_000001f3c004f4e8 .functor BUFT 1, C4<0>, C4<0>, C4<0>, C4<0>;
v000001f3c0040970_0 .net/2s *"_ivl_16", 0 0, L_000001f3c004f4e8;  1 drivers
v000001f3c00410f0_0 .net *"_ivl_2", 0 0, L_000001f3c00a4ce0;  1 drivers
L_000001f3c004f530 .functor BUFT 1, C4<0>, C4<0>, C4<0>, C4<0>;
v000001f3c0040830_0 .net/2s *"_ivl_21", 0 0, L_000001f3c004f530;  1 drivers
v000001f3c0040010_0 .net *"_ivl_9", 0 0, L_000001f3c00a4f80;  1 drivers
v000001f3c0040e70_0 .net "a", 0 0, L_000001f3c009c2b0;  1 drivers
v000001f3c0040290_0 .net "a_out", 0 0, L_000001f3c00a3d20;  1 drivers
v000001f3c0041190_0 .net "b", 0 0, L_000001f3c009e1f0;  1 drivers
v000001f3c0040150_0 .net "b_inv", 0 0, v000001f3c004ab10_0;  alias, 1 drivers
v000001f3c0040a10_0 .net "b_out", 0 0, L_000001f3c009ce90;  1 drivers
v000001f3c003fcf0_0 .net "c_in", 0 0, L_000001f3c009ca30;  1 drivers
v000001f3c00403d0_0 .net "carry_out", 0 0, L_000001f3c00a50d0;  1 drivers
v000001f3c00408d0_0 .net "final_MUX_input", 3 0, L_000001f3c009da70;  1 drivers
v000001f3c003f1b0_0 .net "in", 1 0, L_000001f3c009d390;  1 drivers
v000001f3c003ff70_0 .net "operation", 1 0, v000001f3c004c5f0_0;  alias, 1 drivers
v000001f3c0041050_0 .net "result", 0 0, L_000001f3c009d2f0;  1 drivers
v000001f3c003f610_0 .net "sum_out", 0 0, L_000001f3c00a4d50;  1 drivers
L_000001f3c009d390 .concat [ 1 1 0 0], L_000001f3c009e1f0, L_000001f3c00a4ce0;
L_000001f3c009da70 .concat8 [ 1 1 1 1], L_000001f3c00a4f80, L_000001f3c004f4a0, L_000001f3c004f4e8, L_000001f3c004f530;
S_000001f3c003da60 .scope module, "MUX_1_bit_b_inv" "MUX_1_bit" 4 13, 5 1 0, S_000001f3c003d8d0;
 .timescale 0 0;
    .port_info 0 /INPUT 2 "in";
    .port_info 1 /INPUT 1 "choose";
    .port_info 2 /OUTPUT 1 "z_out";
v000001f3c003bc20_0 .net "choose", 0 0, v000001f3c004ab10_0;  alias, 1 drivers
v000001f3c0039ba0_0 .net "in", 1 0, L_000001f3c009d390;  alias, 1 drivers
v000001f3c003bfe0_0 .net "z_out", 0 0, L_000001f3c009ce90;  alias, 1 drivers
L_000001f3c009ce90 .part/v L_000001f3c009d390, v000001f3c004ab10_0, 1;
S_000001f3c003dbf0 .scope module, "MUX_2_bit_operation" "MUX_2_bit" 4 24, 6 1 0, S_000001f3c003d8d0;
 .timescale 0 0;
    .port_info 0 /INPUT 4 "in";
    .port_info 1 /INPUT 2 "choose";
    .port_info 2 /OUTPUT 1 "z_out";
v000001f3c003a780_0 .net "choose", 1 0, v000001f3c004c5f0_0;  alias, 1 drivers
v000001f3c003a0a0_0 .net "in", 3 0, L_000001f3c009da70;  alias, 1 drivers
v000001f3c003bcc0_0 .net "z_out", 0 0, L_000001f3c009d2f0;  alias, 1 drivers
L_000001f3c009d2f0 .part/v L_000001f3c009da70, v000001f3c004c5f0_0, 1;
S_000001f3c003e8c0 .scope module, "adder_alu" "adder" 4 16, 7 1 0, S_000001f3c003d8d0;
 .timescale 0 0;
    .port_info 0 /OUTPUT 1 "s";
    .port_info 1 /OUTPUT 1 "c0";
    .port_info 2 /INPUT 1 "a";
    .port_info 3 /INPUT 1 "b";
    .port_info 4 /INPUT 1 "c";
L_000001f3c00a48f0 .functor NOT 1, L_000001f3c009c2b0, C4<0>, C4<0>, C4<0>;
L_000001f3c00a4030 .functor NOT 1, L_000001f3c009ce90, C4<0>, C4<0>, C4<0>;
L_000001f3c00a3bd0 .functor AND 1, L_000001f3c00a48f0, L_000001f3c00a4030, C4<1>, C4<1>;
L_000001f3c00a3af0 .functor AND 1, L_000001f3c00a3bd0, L_000001f3c009ca30, C4<1>, C4<1>;
L_000001f3c00a4b90 .functor NOT 1, L_000001f3c009c2b0, C4<0>, C4<0>, C4<0>;
L_000001f3c00a4c70 .functor AND 1, L_000001f3c00a4b90, L_000001f3c009ce90, C4<1>, C4<1>;
L_000001f3c00a3cb0 .functor NOT 1, L_000001f3c009ca30, C4<0>, C4<0>, C4<0>;
L_000001f3c00a3d90 .functor AND 1, L_000001f3c00a4c70, L_000001f3c00a3cb0, C4<1>, C4<1>;
L_000001f3c00a40a0 .functor OR 1, L_000001f3c00a3af0, L_000001f3c00a3d90, C4<0>, C4<0>;
L_000001f3c00a49d0 .functor NOT 1, L_000001f3c009ce90, C4<0>, C4<0>, C4<0>;
L_000001f3c00a33f0 .functor AND 1, L_000001f3c009c2b0, L_000001f3c00a49d0, C4<1>, C4<1>;
L_000001f3c00a4180 .functor NOT 1, L_000001f3c009ca30, C4<0>, C4<0>, C4<0>;
L_000001f3c00a4260 .functor AND 1, L_000001f3c00a33f0, L_000001f3c00a4180, C4<1>, C4<1>;
L_000001f3c00a4500 .functor OR 1, L_000001f3c00a40a0, L_000001f3c00a4260, C4<0>, C4<0>;
L_000001f3c00a4420 .functor AND 1, L_000001f3c009c2b0, L_000001f3c009ce90, C4<1>, C4<1>;
L_000001f3c00a4960 .functor AND 1, L_000001f3c00a4420, L_000001f3c009ca30, C4<1>, C4<1>;
L_000001f3c00a4d50 .functor OR 1, L_000001f3c00a4500, L_000001f3c00a4960, C4<0>, C4<0>;
L_000001f3c00a4e30 .functor NOT 1, L_000001f3c009c2b0, C4<0>, C4<0>, C4<0>;
L_000001f3c00a32a0 .functor AND 1, L_000001f3c00a4e30, L_000001f3c009ce90, C4<1>, C4<1>;
L_000001f3c00a3380 .functor AND 1, L_000001f3c00a32a0, L_000001f3c009ca30, C4<1>, C4<1>;
L_000001f3c00a34d0 .functor NOT 1, L_000001f3c009ce90, C4<0>, C4<0>, C4<0>;
L_000001f3c00a3540 .functor AND 1, L_000001f3c009c2b0, L_000001f3c00a34d0, C4<1>, C4<1>;
L_000001f3c00a35b0 .functor AND 1, L_000001f3c00a3540, L_000001f3c009ca30, C4<1>, C4<1>;
L_000001f3c00a3690 .functor OR 1, L_000001f3c00a3380, L_000001f3c00a35b0, C4<0>, C4<0>;
L_000001f3c00a4ea0 .functor AND 1, L_000001f3c009c2b0, L_000001f3c009ce90, C4<1>, C4<1>;
L_000001f3c00a51b0 .functor NOT 1, L_000001f3c009ca30, C4<0>, C4<0>, C4<0>;
L_000001f3c00a4ff0 .functor AND 1, L_000001f3c00a4ea0, L_000001f3c00a51b0, C4<1>, C4<1>;
L_000001f3c00a5060 .functor OR 1, L_000001f3c00a3690, L_000001f3c00a4ff0, C4<0>, C4<0>;
L_000001f3c00a5140 .functor AND 1, L_000001f3c009c2b0, L_000001f3c009ce90, C4<1>, C4<1>;
L_000001f3c00a4f10 .functor AND 1, L_000001f3c00a5140, L_000001f3c009ca30, C4<1>, C4<1>;
L_000001f3c00a50d0 .functor OR 1, L_000001f3c00a5060, L_000001f3c00a4f10, C4<0>, C4<0>;
v000001f3c003bd60_0 .net *"_ivl_0", 0 0, L_000001f3c00a48f0;  1 drivers
v000001f3c003b7c0_0 .net *"_ivl_10", 0 0, L_000001f3c00a4c70;  1 drivers
v000001f3c003ba40_0 .net *"_ivl_12", 0 0, L_000001f3c00a3cb0;  1 drivers
v000001f3c003b040_0 .net *"_ivl_14", 0 0, L_000001f3c00a3d90;  1 drivers
v000001f3c003a280_0 .net *"_ivl_16", 0 0, L_000001f3c00a40a0;  1 drivers
v000001f3c003aaa0_0 .net *"_ivl_18", 0 0, L_000001f3c00a49d0;  1 drivers
v000001f3c003abe0_0 .net *"_ivl_2", 0 0, L_000001f3c00a4030;  1 drivers
v000001f3c003b540_0 .net *"_ivl_20", 0 0, L_000001f3c00a33f0;  1 drivers
v000001f3c003a960_0 .net *"_ivl_22", 0 0, L_000001f3c00a4180;  1 drivers
v000001f3c003b860_0 .net *"_ivl_24", 0 0, L_000001f3c00a4260;  1 drivers
v000001f3c003b0e0_0 .net *"_ivl_26", 0 0, L_000001f3c00a4500;  1 drivers
v000001f3c003c080_0 .net *"_ivl_28", 0 0, L_000001f3c00a4420;  1 drivers
v000001f3c003a000_0 .net *"_ivl_30", 0 0, L_000001f3c00a4960;  1 drivers
v000001f3c0039c40_0 .net *"_ivl_34", 0 0, L_000001f3c00a4e30;  1 drivers
v000001f3c003bae0_0 .net *"_ivl_36", 0 0, L_000001f3c00a32a0;  1 drivers
v000001f3c003ae60_0 .net *"_ivl_38", 0 0, L_000001f3c00a3380;  1 drivers
v000001f3c0039ce0_0 .net *"_ivl_4", 0 0, L_000001f3c00a3bd0;  1 drivers
v000001f3c0039d80_0 .net *"_ivl_40", 0 0, L_000001f3c00a34d0;  1 drivers
v000001f3c003b900_0 .net *"_ivl_42", 0 0, L_000001f3c00a3540;  1 drivers
v000001f3c0039e20_0 .net *"_ivl_44", 0 0, L_000001f3c00a35b0;  1 drivers
v000001f3c003a640_0 .net *"_ivl_46", 0 0, L_000001f3c00a3690;  1 drivers
v000001f3c0039920_0 .net *"_ivl_48", 0 0, L_000001f3c00a4ea0;  1 drivers
v000001f3c003a3c0_0 .net *"_ivl_50", 0 0, L_000001f3c00a51b0;  1 drivers
v000001f3c003a5a0_0 .net *"_ivl_52", 0 0, L_000001f3c00a4ff0;  1 drivers
v000001f3c003a6e0_0 .net *"_ivl_54", 0 0, L_000001f3c00a5060;  1 drivers
v000001f3c003a820_0 .net *"_ivl_56", 0 0, L_000001f3c00a5140;  1 drivers
v000001f3c003aa00_0 .net *"_ivl_58", 0 0, L_000001f3c00a4f10;  1 drivers
v000001f3c003ab40_0 .net *"_ivl_6", 0 0, L_000001f3c00a3af0;  1 drivers
v000001f3c003ad20_0 .net *"_ivl_8", 0 0, L_000001f3c00a4b90;  1 drivers
v000001f3c003b180_0 .net "a", 0 0, L_000001f3c009c2b0;  alias, 1 drivers
v000001f3c003adc0_0 .net "b", 0 0, L_000001f3c009ce90;  alias, 1 drivers
v000001f3c003af00_0 .net "c", 0 0, L_000001f3c009ca30;  alias, 1 drivers
v000001f3c003fbb0_0 .net "c0", 0 0, L_000001f3c00a50d0;  alias, 1 drivers
v000001f3c00406f0_0 .net "s", 0 0, L_000001f3c00a4d50;  alias, 1 drivers
S_000001f3c003e0f0 .scope module, "ALU1[4]" "ALU" 3 20, 4 5 0, S_000001f3bff1f4f0;
 .timescale 0 0;
    .port_info 0 /INPUT 1 "a";
    .port_info 1 /INPUT 1 "b";
    .port_info 2 /INPUT 1 "b_inv";
    .port_info 3 /INPUT 1 "c_in";
    .port_info 4 /INPUT 2 "operation";
    .port_info 5 /OUTPUT 1 "result";
    .port_info 6 /OUTPUT 1 "carry_out";
    .port_info 7 /OUTPUT 1 "a_out";
    .port_info 8 /OUTPUT 1 "b_out";
    .port_info 9 /OUTPUT 1 "sum_out";
L_000001f3c00a9480 .functor BUFZ 1, L_000001f3c009c530, C4<0>, C4<0>, C4<0>;
L_000001f3c00aa590 .functor NOT 1, L_000001f3c009c170, C4<0>, C4<0>, C4<0>;
L_000001f3c00aa280 .functor BUFZ 1, L_000001f3c00a9e90, C4<0>, C4<0>, C4<0>;
L_000001f3c004f578 .functor BUFT 1, C4<0>, C4<0>, C4<0>, C4<0>;
v000001f3c003f2f0_0 .net/2s *"_ivl_12", 0 0, L_000001f3c004f578;  1 drivers
L_000001f3c004f5c0 .functor BUFT 1, C4<0>, C4<0>, C4<0>, C4<0>;
v000001f3c003f430_0 .net/2s *"_ivl_16", 0 0, L_000001f3c004f5c0;  1 drivers
v000001f3c003f4d0_0 .net *"_ivl_2", 0 0, L_000001f3c00aa590;  1 drivers
L_000001f3c004f608 .functor BUFT 1, C4<0>, C4<0>, C4<0>, C4<0>;
v000001f3c003f570_0 .net/2s *"_ivl_21", 0 0, L_000001f3c004f608;  1 drivers
v000001f3c003f750_0 .net *"_ivl_9", 0 0, L_000001f3c00aa280;  1 drivers
v000001f3c0042090_0 .net "a", 0 0, L_000001f3c009c530;  1 drivers
v000001f3c00428b0_0 .net "a_out", 0 0, L_000001f3c00a9480;  1 drivers
v000001f3c0042590_0 .net "b", 0 0, L_000001f3c009c170;  1 drivers
v000001f3c0041eb0_0 .net "b_inv", 0 0, v000001f3c004ab10_0;  alias, 1 drivers
v000001f3c0042b30_0 .net "b_out", 0 0, L_000001f3c009be50;  1 drivers
v000001f3c00424f0_0 .net "c_in", 0 0, L_000001f3c009c850;  1 drivers
v000001f3c0042130_0 .net "carry_out", 0 0, L_000001f3c00aae50;  1 drivers
v000001f3c00421d0_0 .net "final_MUX_input", 3 0, L_000001f3c009e0b0;  1 drivers
v000001f3c0042bd0_0 .net "in", 1 0, L_000001f3c009c030;  1 drivers
v000001f3c0042950_0 .net "operation", 1 0, v000001f3c004c5f0_0;  alias, 1 drivers
v000001f3c0041730_0 .net "result", 0 0, L_000001f3c009e150;  1 drivers
v000001f3c0042630_0 .net "sum_out", 0 0, L_000001f3c00a9e90;  1 drivers
L_000001f3c009c030 .concat [ 1 1 0 0], L_000001f3c009c170, L_000001f3c00aa590;
L_000001f3c009e0b0 .concat8 [ 1 1 1 1], L_000001f3c00aa280, L_000001f3c004f578, L_000001f3c004f5c0, L_000001f3c004f608;
S_000001f3c003e5a0 .scope module, "MUX_1_bit_b_inv" "MUX_1_bit" 4 13, 5 1 0, S_000001f3c003e0f0;
 .timescale 0 0;
    .port_info 0 /INPUT 2 "in";
    .port_info 1 /INPUT 1 "choose";
    .port_info 2 /OUTPUT 1 "z_out";
v000001f3c003f6b0_0 .net "choose", 0 0, v000001f3c004ab10_0;  alias, 1 drivers
v000001f3c003fa70_0 .net "in", 1 0, L_000001f3c009c030;  alias, 1 drivers
v000001f3c003f930_0 .net "z_out", 0 0, L_000001f3c009be50;  alias, 1 drivers
L_000001f3c009be50 .part/v L_000001f3c009c030, v000001f3c004ab10_0, 1;
S_000001f3c003e280 .scope module, "MUX_2_bit_operation" "MUX_2_bit" 4 24, 6 1 0, S_000001f3c003e0f0;
 .timescale 0 0;
    .port_info 0 /INPUT 4 "in";
    .port_info 1 /INPUT 2 "choose";
    .port_info 2 /OUTPUT 1 "z_out";
v000001f3c00412d0_0 .net "choose", 1 0, v000001f3c004c5f0_0;  alias, 1 drivers
v000001f3c003f890_0 .net "in", 3 0, L_000001f3c009e0b0;  alias, 1 drivers
v000001f3c003fc50_0 .net "z_out", 0 0, L_000001f3c009e150;  alias, 1 drivers
L_000001f3c009e150 .part/v L_000001f3c009e0b0, v000001f3c004c5f0_0, 1;
S_000001f3c003e730 .scope module, "adder_alu" "adder" 4 16, 7 1 0, S_000001f3c003e0f0;
 .timescale 0 0;
    .port_info 0 /OUTPUT 1 "s";
    .port_info 1 /OUTPUT 1 "c0";
    .port_info 2 /INPUT 1 "a";
    .port_info 3 /INPUT 1 "b";
    .port_info 4 /INPUT 1 "c";
L_000001f3c00a9c60 .functor NOT 1, L_000001f3c009c530, C4<0>, C4<0>, C4<0>;
L_000001f3c00aa2f0 .functor NOT 1, L_000001f3c009be50, C4<0>, C4<0>, C4<0>;
L_000001f3c00a92c0 .functor AND 1, L_000001f3c00a9c60, L_000001f3c00aa2f0, C4<1>, C4<1>;
L_000001f3c00a9b10 .functor AND 1, L_000001f3c00a92c0, L_000001f3c009c850, C4<1>, C4<1>;
L_000001f3c00a9950 .functor NOT 1, L_000001f3c009c530, C4<0>, C4<0>, C4<0>;
L_000001f3c00a99c0 .functor AND 1, L_000001f3c00a9950, L_000001f3c009be50, C4<1>, C4<1>;
L_000001f3c00a98e0 .functor NOT 1, L_000001f3c009c850, C4<0>, C4<0>, C4<0>;
L_000001f3c00a9f00 .functor AND 1, L_000001f3c00a99c0, L_000001f3c00a98e0, C4<1>, C4<1>;
L_000001f3c00aa600 .functor OR 1, L_000001f3c00a9b10, L_000001f3c00a9f00, C4<0>, C4<0>;
L_000001f3c00a9b80 .functor NOT 1, L_000001f3c009be50, C4<0>, C4<0>, C4<0>;
L_000001f3c00aa360 .functor AND 1, L_000001f3c009c530, L_000001f3c00a9b80, C4<1>, C4<1>;
L_000001f3c00aa830 .functor NOT 1, L_000001f3c009c850, C4<0>, C4<0>, C4<0>;
L_000001f3c00a96b0 .functor AND 1, L_000001f3c00aa360, L_000001f3c00aa830, C4<1>, C4<1>;
L_000001f3c00aa8a0 .functor OR 1, L_000001f3c00aa600, L_000001f3c00a96b0, C4<0>, C4<0>;
L_000001f3c00aa1a0 .functor AND 1, L_000001f3c009c530, L_000001f3c009be50, C4<1>, C4<1>;
L_000001f3c00aa440 .functor AND 1, L_000001f3c00aa1a0, L_000001f3c009c850, C4<1>, C4<1>;
L_000001f3c00a9e90 .functor OR 1, L_000001f3c00aa8a0, L_000001f3c00aa440, C4<0>, C4<0>;
L_000001f3c00aa670 .functor NOT 1, L_000001f3c009c530, C4<0>, C4<0>, C4<0>;
L_000001f3c00a9db0 .functor AND 1, L_000001f3c00aa670, L_000001f3c009be50, C4<1>, C4<1>;
L_000001f3c00a9d40 .functor AND 1, L_000001f3c00a9db0, L_000001f3c009c850, C4<1>, C4<1>;
L_000001f3c00aa520 .functor NOT 1, L_000001f3c009be50, C4<0>, C4<0>, C4<0>;
L_000001f3c00aa910 .functor AND 1, L_000001f3c009c530, L_000001f3c00aa520, C4<1>, C4<1>;
L_000001f3c00a9720 .functor AND 1, L_000001f3c00aa910, L_000001f3c009c850, C4<1>, C4<1>;
L_000001f3c00aa0c0 .functor OR 1, L_000001f3c00a9d40, L_000001f3c00a9720, C4<0>, C4<0>;
L_000001f3c00aa6e0 .functor AND 1, L_000001f3c009c530, L_000001f3c009be50, C4<1>, C4<1>;
L_000001f3c00a9330 .functor NOT 1, L_000001f3c009c850, C4<0>, C4<0>, C4<0>;
L_000001f3c00aa050 .functor AND 1, L_000001f3c00aa6e0, L_000001f3c00a9330, C4<1>, C4<1>;
L_000001f3c00aa750 .functor OR 1, L_000001f3c00aa0c0, L_000001f3c00aa050, C4<0>, C4<0>;
L_000001f3c00a9800 .functor AND 1, L_000001f3c009c530, L_000001f3c009be50, C4<1>, C4<1>;
L_000001f3c00aad00 .functor AND 1, L_000001f3c00a9800, L_000001f3c009c850, C4<1>, C4<1>;
L_000001f3c00aae50 .functor OR 1, L_000001f3c00aa750, L_000001f3c00aad00, C4<0>, C4<0>;
v000001f3c003f9d0_0 .net *"_ivl_0", 0 0, L_000001f3c00a9c60;  1 drivers
v000001f3c003ef30_0 .net *"_ivl_10", 0 0, L_000001f3c00a99c0;  1 drivers
v000001f3c0040510_0 .net *"_ivl_12", 0 0, L_000001f3c00a98e0;  1 drivers
v000001f3c0040ab0_0 .net *"_ivl_14", 0 0, L_000001f3c00a9f00;  1 drivers
v000001f3c003efd0_0 .net *"_ivl_16", 0 0, L_000001f3c00aa600;  1 drivers
v000001f3c003f110_0 .net *"_ivl_18", 0 0, L_000001f3c00a9b80;  1 drivers
v000001f3c003fed0_0 .net *"_ivl_2", 0 0, L_000001f3c00aa2f0;  1 drivers
v000001f3c003fb10_0 .net *"_ivl_20", 0 0, L_000001f3c00aa360;  1 drivers
v000001f3c00400b0_0 .net *"_ivl_22", 0 0, L_000001f3c00aa830;  1 drivers
v000001f3c003fd90_0 .net *"_ivl_24", 0 0, L_000001f3c00a96b0;  1 drivers
v000001f3c003ee90_0 .net *"_ivl_26", 0 0, L_000001f3c00aa8a0;  1 drivers
v000001f3c0040470_0 .net *"_ivl_28", 0 0, L_000001f3c00aa1a0;  1 drivers
v000001f3c0041550_0 .net *"_ivl_30", 0 0, L_000001f3c00aa440;  1 drivers
v000001f3c003fe30_0 .net *"_ivl_34", 0 0, L_000001f3c00aa670;  1 drivers
v000001f3c00401f0_0 .net *"_ivl_36", 0 0, L_000001f3c00a9db0;  1 drivers
v000001f3c0040330_0 .net *"_ivl_38", 0 0, L_000001f3c00a9d40;  1 drivers
v000001f3c00405b0_0 .net *"_ivl_4", 0 0, L_000001f3c00a92c0;  1 drivers
v000001f3c003f7f0_0 .net *"_ivl_40", 0 0, L_000001f3c00aa520;  1 drivers
v000001f3c0040dd0_0 .net *"_ivl_42", 0 0, L_000001f3c00aa910;  1 drivers
v000001f3c0040650_0 .net *"_ivl_44", 0 0, L_000001f3c00a9720;  1 drivers
v000001f3c003f070_0 .net *"_ivl_46", 0 0, L_000001f3c00aa0c0;  1 drivers
v000001f3c0040b50_0 .net *"_ivl_48", 0 0, L_000001f3c00aa6e0;  1 drivers
v000001f3c003f250_0 .net *"_ivl_50", 0 0, L_000001f3c00a9330;  1 drivers
v000001f3c003f390_0 .net *"_ivl_52", 0 0, L_000001f3c00aa050;  1 drivers
v000001f3c0040bf0_0 .net *"_ivl_54", 0 0, L_000001f3c00aa750;  1 drivers
v000001f3c0040c90_0 .net *"_ivl_56", 0 0, L_000001f3c00a9800;  1 drivers
v000001f3c0040d30_0 .net *"_ivl_58", 0 0, L_000001f3c00aad00;  1 drivers
v000001f3c0040f10_0 .net *"_ivl_6", 0 0, L_000001f3c00a9b10;  1 drivers
v000001f3c0040fb0_0 .net *"_ivl_8", 0 0, L_000001f3c00a9950;  1 drivers
v000001f3c0041230_0 .net "a", 0 0, L_000001f3c009c530;  alias, 1 drivers
v000001f3c0041370_0 .net "b", 0 0, L_000001f3c009be50;  alias, 1 drivers
v000001f3c0041410_0 .net "c", 0 0, L_000001f3c009c850;  alias, 1 drivers
v000001f3c003edf0_0 .net "c0", 0 0, L_000001f3c00aae50;  alias, 1 drivers
v000001f3c00414b0_0 .net "s", 0 0, L_000001f3c00a9e90;  alias, 1 drivers
S_000001f3c003ea50 .scope module, "ALU1[5]" "ALU" 3 20, 4 5 0, S_000001f3bff1f4f0;
 .timescale 0 0;
    .port_info 0 /INPUT 1 "a";
    .port_info 1 /INPUT 1 "b";
    .port_info 2 /INPUT 1 "b_inv";
    .port_info 3 /INPUT 1 "c_in";
    .port_info 4 /INPUT 2 "operation";
    .port_info 5 /OUTPUT 1 "result";
    .port_info 6 /OUTPUT 1 "carry_out";
    .port_info 7 /OUTPUT 1 "a_out";
    .port_info 8 /OUTPUT 1 "b_out";
    .port_info 9 /OUTPUT 1 "sum_out";
L_000001f3c00a9aa0 .functor BUFZ 1, L_000001f3c009cd50, C4<0>, C4<0>, C4<0>;
L_000001f3c00aa4b0 .functor NOT 1, L_000001f3c009d610, C4<0>, C4<0>, C4<0>;
L_000001f3c00ab010 .functor BUFZ 1, L_000001f3c00a9640, C4<0>, C4<0>, C4<0>;
L_000001f3c004f650 .functor BUFT 1, C4<0>, C4<0>, C4<0>, C4<0>;
v000001f3c0045a90_0 .net/2s *"_ivl_12", 0 0, L_000001f3c004f650;  1 drivers
L_000001f3c004f698 .functor BUFT 1, C4<0>, C4<0>, C4<0>, C4<0>;
v000001f3c0044ff0_0 .net/2s *"_ivl_16", 0 0, L_000001f3c004f698;  1 drivers
v000001f3c0045f90_0 .net *"_ivl_2", 0 0, L_000001f3c00aa4b0;  1 drivers
L_000001f3c004f6e0 .functor BUFT 1, C4<0>, C4<0>, C4<0>, C4<0>;
v000001f3c00447d0_0 .net/2s *"_ivl_21", 0 0, L_000001f3c004f6e0;  1 drivers
v000001f3c0046990_0 .net *"_ivl_9", 0 0, L_000001f3c00ab010;  1 drivers
v000001f3c0044730_0 .net "a", 0 0, L_000001f3c009cd50;  1 drivers
v000001f3c0045e50_0 .net "a_out", 0 0, L_000001f3c00a9aa0;  1 drivers
v000001f3c00467b0_0 .net "b", 0 0, L_000001f3c009d610;  1 drivers
v000001f3c00458b0_0 .net "b_inv", 0 0, v000001f3c004ab10_0;  alias, 1 drivers
v000001f3c0045090_0 .net "b_out", 0 0, L_000001f3c009cdf0;  1 drivers
v000001f3c0044b90_0 .net "c_in", 0 0, L_000001f3c009cc10;  1 drivers
v000001f3c00468f0_0 .net "carry_out", 0 0, L_000001f3c00aaf30;  1 drivers
v000001f3c0046030_0 .net "final_MUX_input", 3 0, L_000001f3c009d570;  1 drivers
v000001f3c0045db0_0 .net "in", 1 0, L_000001f3c009bc70;  1 drivers
v000001f3c0044c30_0 .net "operation", 1 0, v000001f3c004c5f0_0;  alias, 1 drivers
v000001f3c00460d0_0 .net "result", 0 0, L_000001f3c009c210;  1 drivers
v000001f3c0044d70_0 .net "sum_out", 0 0, L_000001f3c00a9640;  1 drivers
L_000001f3c009bc70 .concat [ 1 1 0 0], L_000001f3c009d610, L_000001f3c00aa4b0;
L_000001f3c009d570 .concat8 [ 1 1 1 1], L_000001f3c00ab010, L_000001f3c004f650, L_000001f3c004f698, L_000001f3c004f6e0;
S_000001f3c003ebe0 .scope module, "MUX_1_bit_b_inv" "MUX_1_bit" 4 13, 5 1 0, S_000001f3c003ea50;
 .timescale 0 0;
    .port_info 0 /INPUT 2 "in";
    .port_info 1 /INPUT 1 "choose";
    .port_info 2 /OUTPUT 1 "z_out";
v000001f3c0042770_0 .net "choose", 0 0, v000001f3c004ab10_0;  alias, 1 drivers
v000001f3c0042c70_0 .net "in", 1 0, L_000001f3c009bc70;  alias, 1 drivers
v000001f3c0041870_0 .net "z_out", 0 0, L_000001f3c009cdf0;  alias, 1 drivers
L_000001f3c009cdf0 .part/v L_000001f3c009bc70, v000001f3c004ab10_0, 1;
S_000001f3c003ddd0 .scope module, "MUX_2_bit_operation" "MUX_2_bit" 4 24, 6 1 0, S_000001f3c003ea50;
 .timescale 0 0;
    .port_info 0 /INPUT 4 "in";
    .port_info 1 /INPUT 2 "choose";
    .port_info 2 /OUTPUT 1 "z_out";
v000001f3c00415f0_0 .net "choose", 1 0, v000001f3c004c5f0_0;  alias, 1 drivers
v000001f3c0042810_0 .net "in", 3 0, L_000001f3c009d570;  alias, 1 drivers
v000001f3c0041c30_0 .net "z_out", 0 0, L_000001f3c009c210;  alias, 1 drivers
L_000001f3c009c210 .part/v L_000001f3c009d570, v000001f3c004c5f0_0, 1;
S_000001f3c003df60 .scope module, "adder_alu" "adder" 4 16, 7 1 0, S_000001f3c003ea50;
 .timescale 0 0;
    .port_info 0 /OUTPUT 1 "s";
    .port_info 1 /OUTPUT 1 "c0";
    .port_info 2 /INPUT 1 "a";
    .port_info 3 /INPUT 1 "b";
    .port_info 4 /INPUT 1 "c";
L_000001f3c00aa130 .functor NOT 1, L_000001f3c009cd50, C4<0>, C4<0>, C4<0>;
L_000001f3c00aa210 .functor NOT 1, L_000001f3c009cdf0, C4<0>, C4<0>, C4<0>;
L_000001f3c00a9790 .functor AND 1, L_000001f3c00aa130, L_000001f3c00aa210, C4<1>, C4<1>;
L_000001f3c00aa3d0 .functor AND 1, L_000001f3c00a9790, L_000001f3c009cc10, C4<1>, C4<1>;
L_000001f3c00aa980 .functor NOT 1, L_000001f3c009cd50, C4<0>, C4<0>, C4<0>;
L_000001f3c00a93a0 .functor AND 1, L_000001f3c00aa980, L_000001f3c009cdf0, C4<1>, C4<1>;
L_000001f3c00a9560 .functor NOT 1, L_000001f3c009cc10, C4<0>, C4<0>, C4<0>;
L_000001f3c00a9870 .functor AND 1, L_000001f3c00a93a0, L_000001f3c00a9560, C4<1>, C4<1>;
L_000001f3c00a9410 .functor OR 1, L_000001f3c00aa3d0, L_000001f3c00a9870, C4<0>, C4<0>;
L_000001f3c00aaad0 .functor NOT 1, L_000001f3c009cdf0, C4<0>, C4<0>, C4<0>;
L_000001f3c00a9cd0 .functor AND 1, L_000001f3c009cd50, L_000001f3c00aaad0, C4<1>, C4<1>;
L_000001f3c00aad70 .functor NOT 1, L_000001f3c009cc10, C4<0>, C4<0>, C4<0>;
L_000001f3c00aac90 .functor AND 1, L_000001f3c00a9cd0, L_000001f3c00aad70, C4<1>, C4<1>;
L_000001f3c00a9f70 .functor OR 1, L_000001f3c00a9410, L_000001f3c00aac90, C4<0>, C4<0>;
L_000001f3c00aa7c0 .functor AND 1, L_000001f3c009cd50, L_000001f3c009cdf0, C4<1>, C4<1>;
L_000001f3c00aa9f0 .functor AND 1, L_000001f3c00aa7c0, L_000001f3c009cc10, C4<1>, C4<1>;
L_000001f3c00a9640 .functor OR 1, L_000001f3c00a9f70, L_000001f3c00aa9f0, C4<0>, C4<0>;
L_000001f3c00aaa60 .functor NOT 1, L_000001f3c009cd50, C4<0>, C4<0>, C4<0>;
L_000001f3c00a9a30 .functor AND 1, L_000001f3c00aaa60, L_000001f3c009cdf0, C4<1>, C4<1>;
L_000001f3c00a9bf0 .functor AND 1, L_000001f3c00a9a30, L_000001f3c009cc10, C4<1>, C4<1>;
L_000001f3c00a94f0 .functor NOT 1, L_000001f3c009cdf0, C4<0>, C4<0>, C4<0>;
L_000001f3c00aab40 .functor AND 1, L_000001f3c009cd50, L_000001f3c00a94f0, C4<1>, C4<1>;
L_000001f3c00a95d0 .functor AND 1, L_000001f3c00aab40, L_000001f3c009cc10, C4<1>, C4<1>;
L_000001f3c00aabb0 .functor OR 1, L_000001f3c00a9bf0, L_000001f3c00a95d0, C4<0>, C4<0>;
L_000001f3c00a9e20 .functor AND 1, L_000001f3c009cd50, L_000001f3c009cdf0, C4<1>, C4<1>;
L_000001f3c00aade0 .functor NOT 1, L_000001f3c009cc10, C4<0>, C4<0>, C4<0>;
L_000001f3c00a9fe0 .functor AND 1, L_000001f3c00a9e20, L_000001f3c00aade0, C4<1>, C4<1>;
L_000001f3c00aac20 .functor OR 1, L_000001f3c00aabb0, L_000001f3c00a9fe0, C4<0>, C4<0>;
L_000001f3c00aaec0 .functor AND 1, L_000001f3c009cd50, L_000001f3c009cdf0, C4<1>, C4<1>;
L_000001f3c00ab080 .functor AND 1, L_000001f3c00aaec0, L_000001f3c009cc10, C4<1>, C4<1>;
L_000001f3c00aaf30 .functor OR 1, L_000001f3c00aac20, L_000001f3c00ab080, C4<0>, C4<0>;
v000001f3c0041690_0 .net *"_ivl_0", 0 0, L_000001f3c00aa130;  1 drivers
v000001f3c00426d0_0 .net *"_ivl_10", 0 0, L_000001f3c00a93a0;  1 drivers
v000001f3c0041cd0_0 .net *"_ivl_12", 0 0, L_000001f3c00a9560;  1 drivers
v000001f3c0041910_0 .net *"_ivl_14", 0 0, L_000001f3c00a9870;  1 drivers
v000001f3c0042310_0 .net *"_ivl_16", 0 0, L_000001f3c00a9410;  1 drivers
v000001f3c00429f0_0 .net *"_ivl_18", 0 0, L_000001f3c00aaad0;  1 drivers
v000001f3c00423b0_0 .net *"_ivl_2", 0 0, L_000001f3c00aa210;  1 drivers
v000001f3c00417d0_0 .net *"_ivl_20", 0 0, L_000001f3c00a9cd0;  1 drivers
v000001f3c0042a90_0 .net *"_ivl_22", 0 0, L_000001f3c00aad70;  1 drivers
v000001f3c00419b0_0 .net *"_ivl_24", 0 0, L_000001f3c00aac90;  1 drivers
v000001f3c0041a50_0 .net *"_ivl_26", 0 0, L_000001f3c00a9f70;  1 drivers
v000001f3c0041d70_0 .net *"_ivl_28", 0 0, L_000001f3c00aa7c0;  1 drivers
v000001f3c0041af0_0 .net *"_ivl_30", 0 0, L_000001f3c00aa9f0;  1 drivers
v000001f3c0041b90_0 .net *"_ivl_34", 0 0, L_000001f3c00aaa60;  1 drivers
v000001f3c0041f50_0 .net *"_ivl_36", 0 0, L_000001f3c00a9a30;  1 drivers
v000001f3c0041e10_0 .net *"_ivl_38", 0 0, L_000001f3c00a9bf0;  1 drivers
v000001f3c0041ff0_0 .net *"_ivl_4", 0 0, L_000001f3c00a9790;  1 drivers
v000001f3c0042270_0 .net *"_ivl_40", 0 0, L_000001f3c00a94f0;  1 drivers
v000001f3c0042450_0 .net *"_ivl_42", 0 0, L_000001f3c00aab40;  1 drivers
v000001f3c0045d10_0 .net *"_ivl_44", 0 0, L_000001f3c00a95d0;  1 drivers
v000001f3c0044af0_0 .net *"_ivl_46", 0 0, L_000001f3c00aabb0;  1 drivers
v000001f3c00449b0_0 .net *"_ivl_48", 0 0, L_000001f3c00a9e20;  1 drivers
v000001f3c00451d0_0 .net *"_ivl_50", 0 0, L_000001f3c00aade0;  1 drivers
v000001f3c0046350_0 .net *"_ivl_52", 0 0, L_000001f3c00a9fe0;  1 drivers
v000001f3c0045130_0 .net *"_ivl_54", 0 0, L_000001f3c00aac20;  1 drivers
v000001f3c0046710_0 .net *"_ivl_56", 0 0, L_000001f3c00aaec0;  1 drivers
v000001f3c0045270_0 .net *"_ivl_58", 0 0, L_000001f3c00ab080;  1 drivers
v000001f3c0045590_0 .net *"_ivl_6", 0 0, L_000001f3c00aa3d0;  1 drivers
v000001f3c0046850_0 .net *"_ivl_8", 0 0, L_000001f3c00aa980;  1 drivers
v000001f3c00463f0_0 .net "a", 0 0, L_000001f3c009cd50;  alias, 1 drivers
v000001f3c0044550_0 .net "b", 0 0, L_000001f3c009cdf0;  alias, 1 drivers
v000001f3c0045ef0_0 .net "c", 0 0, L_000001f3c009cc10;  alias, 1 drivers
v000001f3c0046490_0 .net "c0", 0 0, L_000001f3c00aaf30;  alias, 1 drivers
v000001f3c0045770_0 .net "s", 0 0, L_000001f3c00a9640;  alias, 1 drivers
S_000001f3c003e410 .scope module, "ALU1[6]" "ALU" 3 20, 4 5 0, S_000001f3bff1f4f0;
 .timescale 0 0;
    .port_info 0 /INPUT 1 "a";
    .port_info 1 /INPUT 1 "b";
    .port_info 2 /INPUT 1 "b_inv";
    .port_info 3 /INPUT 1 "c_in";
    .port_info 4 /INPUT 2 "operation";
    .port_info 5 /OUTPUT 1 "result";
    .port_info 6 /OUTPUT 1 "carry_out";
    .port_info 7 /OUTPUT 1 "a_out";
    .port_info 8 /OUTPUT 1 "b_out";
    .port_info 9 /OUTPUT 1 "sum_out";
L_000001f3c00aafa0 .functor BUFZ 1, L_000001f3c009dcf0, C4<0>, C4<0>, C4<0>;
L_000001f3c00ab0f0 .functor NOT 1, L_000001f3c009c5d0, C4<0>, C4<0>, C4<0>;
L_000001f3c00ac300 .functor BUFZ 1, L_000001f3c00aca00, C4<0>, C4<0>, C4<0>;
L_000001f3c004f728 .functor BUFT 1, C4<0>, C4<0>, C4<0>, C4<0>;
v000001f3c0047070_0 .net/2s *"_ivl_12", 0 0, L_000001f3c004f728;  1 drivers
L_000001f3c004f770 .functor BUFT 1, C4<0>, C4<0>, C4<0>, C4<0>;
v000001f3c0046ad0_0 .net/2s *"_ivl_16", 0 0, L_000001f3c004f770;  1 drivers
v000001f3c0047750_0 .net *"_ivl_2", 0 0, L_000001f3c00ab0f0;  1 drivers
L_000001f3c004f7b8 .functor BUFT 1, C4<0>, C4<0>, C4<0>, C4<0>;
v000001f3c0047890_0 .net/2s *"_ivl_21", 0 0, L_000001f3c004f7b8;  1 drivers
v000001f3c0046cb0_0 .net *"_ivl_9", 0 0, L_000001f3c00ac300;  1 drivers
v000001f3c0047390_0 .net "a", 0 0, L_000001f3c009dcf0;  1 drivers
v000001f3c0046c10_0 .net "a_out", 0 0, L_000001f3c00aafa0;  1 drivers
v000001f3c0047250_0 .net "b", 0 0, L_000001f3c009c5d0;  1 drivers
v000001f3c00472f0_0 .net "b_inv", 0 0, v000001f3c004ab10_0;  alias, 1 drivers
v000001f3c0047930_0 .net "b_out", 0 0, L_000001f3c009d4d0;  1 drivers
v000001f3c0048010_0 .net "c_in", 0 0, L_000001f3c009d070;  1 drivers
v000001f3c0047110_0 .net "carry_out", 0 0, L_000001f3c00abea0;  1 drivers
v000001f3c0047d90_0 .net "final_MUX_input", 3 0, L_000001f3c009dc50;  1 drivers
v000001f3c0047f70_0 .net "in", 1 0, L_000001f3c009db10;  1 drivers
v000001f3c00480b0_0 .net "operation", 1 0, v000001f3c004c5f0_0;  alias, 1 drivers
v000001f3c00479d0_0 .net "result", 0 0, L_000001f3c009ccb0;  1 drivers
v000001f3c0047bb0_0 .net "sum_out", 0 0, L_000001f3c00aca00;  1 drivers
L_000001f3c009db10 .concat [ 1 1 0 0], L_000001f3c009c5d0, L_000001f3c00ab0f0;
L_000001f3c009dc50 .concat8 [ 1 1 1 1], L_000001f3c00ac300, L_000001f3c004f728, L_000001f3c004f770, L_000001f3c004f7b8;
S_000001f3c0048870 .scope module, "MUX_1_bit_b_inv" "MUX_1_bit" 4 13, 5 1 0, S_000001f3c003e410;
 .timescale 0 0;
    .port_info 0 /INPUT 2 "in";
    .port_info 1 /INPUT 1 "choose";
    .port_info 2 /OUTPUT 1 "z_out";
v000001f3c0044870_0 .net "choose", 0 0, v000001f3c004ab10_0;  alias, 1 drivers
v000001f3c0044910_0 .net "in", 1 0, L_000001f3c009db10;  alias, 1 drivers
v000001f3c0045310_0 .net "z_out", 0 0, L_000001f3c009d4d0;  alias, 1 drivers
L_000001f3c009d4d0 .part/v L_000001f3c009db10, v000001f3c004ab10_0, 1;
S_000001f3c0048d20 .scope module, "MUX_2_bit_operation" "MUX_2_bit" 4 24, 6 1 0, S_000001f3c003e410;
 .timescale 0 0;
    .port_info 0 /INPUT 4 "in";
    .port_info 1 /INPUT 2 "choose";
    .port_info 2 /OUTPUT 1 "z_out";
v000001f3c0045630_0 .net "choose", 1 0, v000001f3c004c5f0_0;  alias, 1 drivers
v000001f3c00453b0_0 .net "in", 3 0, L_000001f3c009dc50;  alias, 1 drivers
v000001f3c0046530_0 .net "z_out", 0 0, L_000001f3c009ccb0;  alias, 1 drivers
L_000001f3c009ccb0 .part/v L_000001f3c009dc50, v000001f3c004c5f0_0, 1;
S_000001f3c0049040 .scope module, "adder_alu" "adder" 4 16, 7 1 0, S_000001f3c003e410;
 .timescale 0 0;
    .port_info 0 /OUTPUT 1 "s";
    .port_info 1 /OUTPUT 1 "c0";
    .port_info 2 /INPUT 1 "a";
    .port_info 3 /INPUT 1 "b";
    .port_info 4 /INPUT 1 "c";
L_000001f3c00ab160 .functor NOT 1, L_000001f3c009dcf0, C4<0>, C4<0>, C4<0>;
L_000001f3c00ab1d0 .functor NOT 1, L_000001f3c009d4d0, C4<0>, C4<0>, C4<0>;
L_000001f3c00ac3e0 .functor AND 1, L_000001f3c00ab160, L_000001f3c00ab1d0, C4<1>, C4<1>;
L_000001f3c00acd10 .functor AND 1, L_000001f3c00ac3e0, L_000001f3c009d070, C4<1>, C4<1>;
L_000001f3c00ac610 .functor NOT 1, L_000001f3c009dcf0, C4<0>, C4<0>, C4<0>;
L_000001f3c00ac140 .functor AND 1, L_000001f3c00ac610, L_000001f3c009d4d0, C4<1>, C4<1>;
L_000001f3c00acd80 .functor NOT 1, L_000001f3c009d070, C4<0>, C4<0>, C4<0>;
L_000001f3c00ab7a0 .functor AND 1, L_000001f3c00ac140, L_000001f3c00acd80, C4<1>, C4<1>;
L_000001f3c00ac450 .functor OR 1, L_000001f3c00acd10, L_000001f3c00ab7a0, C4<0>, C4<0>;
L_000001f3c00ac990 .functor NOT 1, L_000001f3c009d4d0, C4<0>, C4<0>, C4<0>;
L_000001f3c00ac0d0 .functor AND 1, L_000001f3c009dcf0, L_000001f3c00ac990, C4<1>, C4<1>;
L_000001f3c00abf10 .functor NOT 1, L_000001f3c009d070, C4<0>, C4<0>, C4<0>;
L_000001f3c00ab810 .functor AND 1, L_000001f3c00ac0d0, L_000001f3c00abf10, C4<1>, C4<1>;
L_000001f3c00ab3b0 .functor OR 1, L_000001f3c00ac450, L_000001f3c00ab810, C4<0>, C4<0>;
L_000001f3c00ab420 .functor AND 1, L_000001f3c009dcf0, L_000001f3c009d4d0, C4<1>, C4<1>;
L_000001f3c00abf80 .functor AND 1, L_000001f3c00ab420, L_000001f3c009d070, C4<1>, C4<1>;
L_000001f3c00aca00 .functor OR 1, L_000001f3c00ab3b0, L_000001f3c00abf80, C4<0>, C4<0>;
L_000001f3c00ab6c0 .functor NOT 1, L_000001f3c009dcf0, C4<0>, C4<0>, C4<0>;
L_000001f3c00abff0 .functor AND 1, L_000001f3c00ab6c0, L_000001f3c009d4d0, C4<1>, C4<1>;
L_000001f3c00ab880 .functor AND 1, L_000001f3c00abff0, L_000001f3c009d070, C4<1>, C4<1>;
L_000001f3c00acca0 .functor NOT 1, L_000001f3c009d4d0, C4<0>, C4<0>, C4<0>;
L_000001f3c00aba40 .functor AND 1, L_000001f3c009dcf0, L_000001f3c00acca0, C4<1>, C4<1>;
L_000001f3c00ab9d0 .functor AND 1, L_000001f3c00aba40, L_000001f3c009d070, C4<1>, C4<1>;
L_000001f3c00abe30 .functor OR 1, L_000001f3c00ab880, L_000001f3c00ab9d0, C4<0>, C4<0>;
L_000001f3c00ab490 .functor AND 1, L_000001f3c009dcf0, L_000001f3c009d4d0, C4<1>, C4<1>;
L_000001f3c00ac4c0 .functor NOT 1, L_000001f3c009d070, C4<0>, C4<0>, C4<0>;
L_000001f3c00ab500 .functor AND 1, L_000001f3c00ab490, L_000001f3c00ac4c0, C4<1>, C4<1>;
L_000001f3c00ac5a0 .functor OR 1, L_000001f3c00abe30, L_000001f3c00ab500, C4<0>, C4<0>;
L_000001f3c00ab650 .functor AND 1, L_000001f3c009dcf0, L_000001f3c009d4d0, C4<1>, C4<1>;
L_000001f3c00acdf0 .functor AND 1, L_000001f3c00ab650, L_000001f3c009d070, C4<1>, C4<1>;
L_000001f3c00abea0 .functor OR 1, L_000001f3c00ac5a0, L_000001f3c00acdf0, C4<0>, C4<0>;
v000001f3c00454f0_0 .net *"_ivl_0", 0 0, L_000001f3c00ab160;  1 drivers
v000001f3c0044e10_0 .net *"_ivl_10", 0 0, L_000001f3c00ac140;  1 drivers
v000001f3c0045450_0 .net *"_ivl_12", 0 0, L_000001f3c00acd80;  1 drivers
v000001f3c00456d0_0 .net *"_ivl_14", 0 0, L_000001f3c00ab7a0;  1 drivers
v000001f3c0044cd0_0 .net *"_ivl_16", 0 0, L_000001f3c00ac450;  1 drivers
v000001f3c0044a50_0 .net *"_ivl_18", 0 0, L_000001f3c00ac990;  1 drivers
v000001f3c0044eb0_0 .net *"_ivl_2", 0 0, L_000001f3c00ab1d0;  1 drivers
v000001f3c0045950_0 .net *"_ivl_20", 0 0, L_000001f3c00ac0d0;  1 drivers
v000001f3c0045c70_0 .net *"_ivl_22", 0 0, L_000001f3c00abf10;  1 drivers
v000001f3c0044f50_0 .net *"_ivl_24", 0 0, L_000001f3c00ab810;  1 drivers
v000001f3c0045810_0 .net *"_ivl_26", 0 0, L_000001f3c00ab3b0;  1 drivers
v000001f3c00459f0_0 .net *"_ivl_28", 0 0, L_000001f3c00ab420;  1 drivers
v000001f3c0044410_0 .net *"_ivl_30", 0 0, L_000001f3c00abf80;  1 drivers
v000001f3c0046170_0 .net *"_ivl_34", 0 0, L_000001f3c00ab6c0;  1 drivers
v000001f3c0045b30_0 .net *"_ivl_36", 0 0, L_000001f3c00abff0;  1 drivers
v000001f3c0045bd0_0 .net *"_ivl_38", 0 0, L_000001f3c00ab880;  1 drivers
v000001f3c0046210_0 .net *"_ivl_4", 0 0, L_000001f3c00ac3e0;  1 drivers
v000001f3c0044370_0 .net *"_ivl_40", 0 0, L_000001f3c00acca0;  1 drivers
v000001f3c00465d0_0 .net *"_ivl_42", 0 0, L_000001f3c00aba40;  1 drivers
v000001f3c00462b0_0 .net *"_ivl_44", 0 0, L_000001f3c00ab9d0;  1 drivers
v000001f3c0046670_0 .net *"_ivl_46", 0 0, L_000001f3c00abe30;  1 drivers
v000001f3c0044230_0 .net *"_ivl_48", 0 0, L_000001f3c00ab490;  1 drivers
v000001f3c00442d0_0 .net *"_ivl_50", 0 0, L_000001f3c00ac4c0;  1 drivers
v000001f3c00445f0_0 .net *"_ivl_52", 0 0, L_000001f3c00ab500;  1 drivers
v000001f3c00444b0_0 .net *"_ivl_54", 0 0, L_000001f3c00ac5a0;  1 drivers
v000001f3c0044690_0 .net *"_ivl_56", 0 0, L_000001f3c00ab650;  1 drivers
v000001f3c00476b0_0 .net *"_ivl_58", 0 0, L_000001f3c00acdf0;  1 drivers
v000001f3c0047cf0_0 .net *"_ivl_6", 0 0, L_000001f3c00acd10;  1 drivers
v000001f3c0047ed0_0 .net *"_ivl_8", 0 0, L_000001f3c00ac610;  1 drivers
v000001f3c0047e30_0 .net "a", 0 0, L_000001f3c009dcf0;  alias, 1 drivers
v000001f3c00477f0_0 .net "b", 0 0, L_000001f3c009d4d0;  alias, 1 drivers
v000001f3c00471b0_0 .net "c", 0 0, L_000001f3c009d070;  alias, 1 drivers
v000001f3c0047b10_0 .net "c0", 0 0, L_000001f3c00abea0;  alias, 1 drivers
v000001f3c0047c50_0 .net "s", 0 0, L_000001f3c00aca00;  alias, 1 drivers
S_000001f3c00486e0 .scope module, "MSB" "ALU_MSB" 3 24, 8 4 0, S_000001f3bff1f4f0;
 .timescale 0 0;
    .port_info 0 /INPUT 1 "a";
    .port_info 1 /INPUT 1 "b";
    .port_info 2 /INPUT 1 "b_inv";
    .port_info 3 /INPUT 1 "c_in";
    .port_info 4 /INPUT 2 "operation";
    .port_info 5 /OUTPUT 1 "result";
    .port_info 6 /OUTPUT 1 "c_out";
    .port_info 7 /OUTPUT 1 "overflow";
v000001f3c004bfb0_0 .net "a", 0 0, L_000001f3c009bbd0;  1 drivers
v000001f3c004a570_0 .net "a_out", 0 0, L_000001f3c00acbc0;  1 drivers
v000001f3c004abb0_0 .net "b", 0 0, L_000001f3c009bd10;  1 drivers
v000001f3c004b330_0 .net "b_inv", 0 0, v000001f3c004ab10_0;  alias, 1 drivers
v000001f3c004bd30_0 .net "b_out", 0 0, L_000001f3c009d110;  1 drivers
v000001f3c004ac50_0 .net "c_in", 0 0, L_000001f3c009d750;  1 drivers
v000001f3c004b3d0_0 .net "c_out", 0 0, L_000001f3c00acc30;  1 drivers
v000001f3c004b1f0_0 .net "operation", 1 0, v000001f3c004c5f0_0;  alias, 1 drivers
v000001f3c004c4b0_0 .net "overflow", 0 0, L_000001f3c00acfb0;  alias, 1 drivers
v000001f3c004bf10_0 .net "result", 0 0, L_000001f3c009d250;  1 drivers
v000001f3c004b290_0 .net "sum_out", 0 0, L_000001f3c00abdc0;  1 drivers
S_000001f3c00491d0 .scope module, "ALU_raw" "ALU" 8 9, 4 5 0, S_000001f3c00486e0;
 .timescale 0 0;
    .port_info 0 /INPUT 1 "a";
    .port_info 1 /INPUT 1 "b";
    .port_info 2 /INPUT 1 "b_inv";
    .port_info 3 /INPUT 1 "c_in";
    .port_info 4 /INPUT 2 "operation";
    .port_info 5 /OUTPUT 1 "result";
    .port_info 6 /OUTPUT 1 "carry_out";
    .port_info 7 /OUTPUT 1 "a_out";
    .port_info 8 /OUTPUT 1 "b_out";
    .port_info 9 /OUTPUT 1 "sum_out";
L_000001f3c00acbc0 .functor BUFZ 1, L_000001f3c009bbd0, C4<0>, C4<0>, C4<0>;
L_000001f3c00ab570 .functor NOT 1, L_000001f3c009bd10, C4<0>, C4<0>, C4<0>;
L_000001f3c00abc00 .functor BUFZ 1, L_000001f3c00abdc0, C4<0>, C4<0>, C4<0>;
L_000001f3c004f800 .functor BUFT 1, C4<0>, C4<0>, C4<0>, C4<0>;
v000001f3c004def0_0 .net/2s *"_ivl_12", 0 0, L_000001f3c004f800;  1 drivers
L_000001f3c004f848 .functor BUFT 1, C4<0>, C4<0>, C4<0>, C4<0>;
v000001f3c004ce10_0 .net/2s *"_ivl_16", 0 0, L_000001f3c004f848;  1 drivers
v000001f3c004dc70_0 .net *"_ivl_2", 0 0, L_000001f3c00ab570;  1 drivers
L_000001f3c004f890 .functor BUFT 1, C4<0>, C4<0>, C4<0>, C4<0>;
v000001f3c004dd10_0 .net/2s *"_ivl_21", 0 0, L_000001f3c004f890;  1 drivers
v000001f3c004ddb0_0 .net *"_ivl_9", 0 0, L_000001f3c00abc00;  1 drivers
v000001f3c004ceb0_0 .net "a", 0 0, L_000001f3c009bbd0;  alias, 1 drivers
v000001f3c004d130_0 .net "a_out", 0 0, L_000001f3c00acbc0;  alias, 1 drivers
v000001f3c004cb90_0 .net "b", 0 0, L_000001f3c009bd10;  alias, 1 drivers
v000001f3c004cff0_0 .net "b_inv", 0 0, v000001f3c004ab10_0;  alias, 1 drivers
v000001f3c004b830_0 .net "b_out", 0 0, L_000001f3c009d110;  alias, 1 drivers
v000001f3c004b6f0_0 .net "c_in", 0 0, L_000001f3c009d750;  alias, 1 drivers
v000001f3c004bc90_0 .net "carry_out", 0 0, L_000001f3c00acc30;  alias, 1 drivers
v000001f3c004b0b0_0 .net "final_MUX_input", 3 0, L_000001f3c009d1b0;  1 drivers
v000001f3c004b5b0_0 .net "in", 1 0, L_000001f3c009bdb0;  1 drivers
v000001f3c004b790_0 .net "operation", 1 0, v000001f3c004c5f0_0;  alias, 1 drivers
v000001f3c004acf0_0 .net "result", 0 0, L_000001f3c009d250;  alias, 1 drivers
v000001f3c004bdd0_0 .net "sum_out", 0 0, L_000001f3c00abdc0;  alias, 1 drivers
L_000001f3c009bdb0 .concat [ 1 1 0 0], L_000001f3c009bd10, L_000001f3c00ab570;
L_000001f3c009d1b0 .concat8 [ 1 1 1 1], L_000001f3c00abc00, L_000001f3c004f800, L_000001f3c004f848, L_000001f3c004f890;
S_000001f3c0048eb0 .scope module, "MUX_1_bit_b_inv" "MUX_1_bit" 4 13, 5 1 0, S_000001f3c00491d0;
 .timescale 0 0;
    .port_info 0 /INPUT 2 "in";
    .port_info 1 /INPUT 1 "choose";
    .port_info 2 /OUTPUT 1 "z_out";
v000001f3c0047a70_0 .net "choose", 0 0, v000001f3c004ab10_0;  alias, 1 drivers
v000001f3c0047570_0 .net "in", 1 0, L_000001f3c009bdb0;  alias, 1 drivers
v000001f3c0046a30_0 .net "z_out", 0 0, L_000001f3c009d110;  alias, 1 drivers
L_000001f3c009d110 .part/v L_000001f3c009bdb0, v000001f3c004ab10_0, 1;
S_000001f3c0048550 .scope module, "MUX_2_bit_operation" "MUX_2_bit" 4 24, 6 1 0, S_000001f3c00491d0;
 .timescale 0 0;
    .port_info 0 /INPUT 4 "in";
    .port_info 1 /INPUT 2 "choose";
    .port_info 2 /OUTPUT 1 "z_out";
v000001f3c0046b70_0 .net "choose", 1 0, v000001f3c004c5f0_0;  alias, 1 drivers
v000001f3c0046df0_0 .net "in", 3 0, L_000001f3c009d1b0;  alias, 1 drivers
v000001f3c0046d50_0 .net "z_out", 0 0, L_000001f3c009d250;  alias, 1 drivers
L_000001f3c009d250 .part/v L_000001f3c009d1b0, v000001f3c004c5f0_0, 1;
S_000001f3c0049360 .scope module, "adder_alu" "adder" 4 16, 7 1 0, S_000001f3c00491d0;
 .timescale 0 0;
    .port_info 0 /OUTPUT 1 "s";
    .port_info 1 /OUTPUT 1 "c0";
    .port_info 2 /INPUT 1 "a";
    .port_info 3 /INPUT 1 "b";
    .port_info 4 /INPUT 1 "c";
L_000001f3c00ace60 .functor NOT 1, L_000001f3c009bbd0, C4<0>, C4<0>, C4<0>;
L_000001f3c00abc70 .functor NOT 1, L_000001f3c009d110, C4<0>, C4<0>, C4<0>;
L_000001f3c00ac370 .functor AND 1, L_000001f3c00ace60, L_000001f3c00abc70, C4<1>, C4<1>;
L_000001f3c00aca70 .functor AND 1, L_000001f3c00ac370, L_000001f3c009d750, C4<1>, C4<1>;
L_000001f3c00abb20 .functor NOT 1, L_000001f3c009bbd0, C4<0>, C4<0>, C4<0>;
L_000001f3c00ac060 .functor AND 1, L_000001f3c00abb20, L_000001f3c009d110, C4<1>, C4<1>;
L_000001f3c00acae0 .functor NOT 1, L_000001f3c009d750, C4<0>, C4<0>, C4<0>;
L_000001f3c00ac1b0 .functor AND 1, L_000001f3c00ac060, L_000001f3c00acae0, C4<1>, C4<1>;
L_000001f3c00ac220 .functor OR 1, L_000001f3c00aca70, L_000001f3c00ac1b0, C4<0>, C4<0>;
L_000001f3c00ac680 .functor NOT 1, L_000001f3c009d110, C4<0>, C4<0>, C4<0>;
L_000001f3c00ab2d0 .functor AND 1, L_000001f3c009bbd0, L_000001f3c00ac680, C4<1>, C4<1>;
L_000001f3c00ac530 .functor NOT 1, L_000001f3c009d750, C4<0>, C4<0>, C4<0>;
L_000001f3c00ab5e0 .functor AND 1, L_000001f3c00ab2d0, L_000001f3c00ac530, C4<1>, C4<1>;
L_000001f3c00ab8f0 .functor OR 1, L_000001f3c00ac220, L_000001f3c00ab5e0, C4<0>, C4<0>;
L_000001f3c00ac840 .functor AND 1, L_000001f3c009bbd0, L_000001f3c009d110, C4<1>, C4<1>;
L_000001f3c00abab0 .functor AND 1, L_000001f3c00ac840, L_000001f3c009d750, C4<1>, C4<1>;
L_000001f3c00abdc0 .functor OR 1, L_000001f3c00ab8f0, L_000001f3c00abab0, C4<0>, C4<0>;
L_000001f3c00ac760 .functor NOT 1, L_000001f3c009bbd0, C4<0>, C4<0>, C4<0>;
L_000001f3c00ab960 .functor AND 1, L_000001f3c00ac760, L_000001f3c009d110, C4<1>, C4<1>;
L_000001f3c00ab340 .functor AND 1, L_000001f3c00ab960, L_000001f3c009d750, C4<1>, C4<1>;
L_000001f3c00acb50 .functor NOT 1, L_000001f3c009d110, C4<0>, C4<0>, C4<0>;
L_000001f3c00abce0 .functor AND 1, L_000001f3c009bbd0, L_000001f3c00acb50, C4<1>, C4<1>;
L_000001f3c00ab730 .functor AND 1, L_000001f3c00abce0, L_000001f3c009d750, C4<1>, C4<1>;
L_000001f3c00abd50 .functor OR 1, L_000001f3c00ab340, L_000001f3c00ab730, C4<0>, C4<0>;
L_000001f3c00ac920 .functor AND 1, L_000001f3c009bbd0, L_000001f3c009d110, C4<1>, C4<1>;
L_000001f3c00ac6f0 .functor NOT 1, L_000001f3c009d750, C4<0>, C4<0>, C4<0>;
L_000001f3c00ac290 .functor AND 1, L_000001f3c00ac920, L_000001f3c00ac6f0, C4<1>, C4<1>;
L_000001f3c00ac7d0 .functor OR 1, L_000001f3c00abd50, L_000001f3c00ac290, C4<0>, C4<0>;
L_000001f3c00ac8b0 .functor AND 1, L_000001f3c009bbd0, L_000001f3c009d110, C4<1>, C4<1>;
L_000001f3c00abb90 .functor AND 1, L_000001f3c00ac8b0, L_000001f3c009d750, C4<1>, C4<1>;
L_000001f3c00acc30 .functor OR 1, L_000001f3c00ac7d0, L_000001f3c00abb90, C4<0>, C4<0>;
v000001f3c0046e90_0 .net *"_ivl_0", 0 0, L_000001f3c00ace60;  1 drivers
v000001f3c0046f30_0 .net *"_ivl_10", 0 0, L_000001f3c00ac060;  1 drivers
v000001f3c0047430_0 .net *"_ivl_12", 0 0, L_000001f3c00acae0;  1 drivers
v000001f3c0046fd0_0 .net *"_ivl_14", 0 0, L_000001f3c00ac1b0;  1 drivers
v000001f3c00474d0_0 .net *"_ivl_16", 0 0, L_000001f3c00ac220;  1 drivers
v000001f3c0047610_0 .net *"_ivl_18", 0 0, L_000001f3c00ac680;  1 drivers
v000001f3c004d270_0 .net *"_ivl_2", 0 0, L_000001f3c00abc70;  1 drivers
v000001f3c004cd70_0 .net *"_ivl_20", 0 0, L_000001f3c00ab2d0;  1 drivers
v000001f3c004df90_0 .net *"_ivl_22", 0 0, L_000001f3c00ac530;  1 drivers
v000001f3c004d8b0_0 .net *"_ivl_24", 0 0, L_000001f3c00ab5e0;  1 drivers
v000001f3c004d3b0_0 .net *"_ivl_26", 0 0, L_000001f3c00ab8f0;  1 drivers
v000001f3c004e030_0 .net *"_ivl_28", 0 0, L_000001f3c00ac840;  1 drivers
v000001f3c004caf0_0 .net *"_ivl_30", 0 0, L_000001f3c00abab0;  1 drivers
v000001f3c004d9f0_0 .net *"_ivl_34", 0 0, L_000001f3c00ac760;  1 drivers
v000001f3c004d590_0 .net *"_ivl_36", 0 0, L_000001f3c00ab960;  1 drivers
v000001f3c004ccd0_0 .net *"_ivl_38", 0 0, L_000001f3c00ab340;  1 drivers
v000001f3c004d630_0 .net *"_ivl_4", 0 0, L_000001f3c00ac370;  1 drivers
v000001f3c004d950_0 .net *"_ivl_40", 0 0, L_000001f3c00acb50;  1 drivers
v000001f3c004d6d0_0 .net *"_ivl_42", 0 0, L_000001f3c00abce0;  1 drivers
v000001f3c004de50_0 .net *"_ivl_44", 0 0, L_000001f3c00ab730;  1 drivers
v000001f3c004d810_0 .net *"_ivl_46", 0 0, L_000001f3c00abd50;  1 drivers
v000001f3c004d310_0 .net *"_ivl_48", 0 0, L_000001f3c00ac920;  1 drivers
v000001f3c004db30_0 .net *"_ivl_50", 0 0, L_000001f3c00ac6f0;  1 drivers
v000001f3c004ca50_0 .net *"_ivl_52", 0 0, L_000001f3c00ac290;  1 drivers
v000001f3c004d090_0 .net *"_ivl_54", 0 0, L_000001f3c00ac7d0;  1 drivers
v000001f3c004e0d0_0 .net *"_ivl_56", 0 0, L_000001f3c00ac8b0;  1 drivers
v000001f3c004cf50_0 .net *"_ivl_58", 0 0, L_000001f3c00abb90;  1 drivers
v000001f3c004d450_0 .net *"_ivl_6", 0 0, L_000001f3c00aca70;  1 drivers
v000001f3c004cc30_0 .net *"_ivl_8", 0 0, L_000001f3c00abb20;  1 drivers
v000001f3c004d770_0 .net "a", 0 0, L_000001f3c009bbd0;  alias, 1 drivers
v000001f3c004da90_0 .net "b", 0 0, L_000001f3c009d110;  alias, 1 drivers
v000001f3c004d1d0_0 .net "c", 0 0, L_000001f3c009d750;  alias, 1 drivers
v000001f3c004dbd0_0 .net "c0", 0 0, L_000001f3c00acc30;  alias, 1 drivers
v000001f3c004d4f0_0 .net "s", 0 0, L_000001f3c00abdc0;  alias, 1 drivers
S_000001f3c0048a00 .scope module, "ovr_flo" "overflow" 8 12, 9 1 0, S_000001f3c00486e0;
 .timescale 0 0;
    .port_info 0 /INPUT 1 "a";
    .port_info 1 /INPUT 1 "b";
    .port_info 2 /INPUT 1 "result";
    .port_info 3 /OUTPUT 1 "overflow";
L_000001f3c00ad100 .functor NOT 1, L_000001f3c00acbc0, C4<0>, C4<0>, C4<0>;
L_000001f3c00acf40 .functor NOT 1, L_000001f3c009d110, C4<0>, C4<0>, C4<0>;
L_000001f3c00ad020 .functor AND 1, L_000001f3c00ad100, L_000001f3c00acf40, C4<1>, C4<1>;
L_000001f3c00ad090 .functor AND 1, L_000001f3c00ad020, L_000001f3c00abdc0, C4<1>, C4<1>;
L_000001f3c00ad170 .functor AND 1, L_000001f3c00acbc0, L_000001f3c009d110, C4<1>, C4<1>;
L_000001f3c00aced0 .functor NOT 1, L_000001f3c00abdc0, C4<0>, C4<0>, C4<0>;
L_000001f3c00ad1e0 .functor AND 1, L_000001f3c00ad170, L_000001f3c00aced0, C4<1>, C4<1>;
L_000001f3c00acfb0 .functor OR 1, L_000001f3c00ad090, L_000001f3c00ad1e0, C4<0>, C4<0>;
v000001f3c004a250_0 .net *"_ivl_0", 0 0, L_000001f3c00ad100;  1 drivers
v000001f3c004be70_0 .net *"_ivl_10", 0 0, L_000001f3c00aced0;  1 drivers
v000001f3c004b8d0_0 .net *"_ivl_12", 0 0, L_000001f3c00ad1e0;  1 drivers
v000001f3c004a4d0_0 .net *"_ivl_2", 0 0, L_000001f3c00acf40;  1 drivers
v000001f3c004c230_0 .net *"_ivl_4", 0 0, L_000001f3c00ad020;  1 drivers
v000001f3c004a890_0 .net *"_ivl_6", 0 0, L_000001f3c00ad090;  1 drivers
v000001f3c004b970_0 .net *"_ivl_8", 0 0, L_000001f3c00ad170;  1 drivers
v000001f3c004ba10_0 .net "a", 0 0, L_000001f3c00acbc0;  alias, 1 drivers
v000001f3c004a2f0_0 .net "b", 0 0, L_000001f3c009d110;  alias, 1 drivers
v000001f3c004c190_0 .net "overflow", 0 0, L_000001f3c00acfb0;  alias, 1 drivers
v000001f3c004c690_0 .net "result", 0 0, L_000001f3c00abdc0;  alias, 1 drivers
    .scope S_000001f3bfffbb60;
T_0 ;
    %pushi/vec4 0, 0, 8;
    %store/vec4 v000001f3c004a610_0, 0, 8;
    %pushi/vec4 0, 0, 8;
    %store/vec4 v000001f3c004c370_0, 0, 8;
    %pushi/vec4 0, 0, 1;
    %store/vec4 v000001f3c004ab10_0, 0, 1;
    %pushi/vec4 0, 0, 2;
    %store/vec4 v000001f3c004c5f0_0, 0, 2;
    %vpi_call 2 28 "$display", "a\011\011\011b\011\011\011b_inv\011operation\011overflow\011result" {0 0 0};
    %vpi_call 2 29 "$monitor", "%b\011%b\011%b\011\011%b%b\011\011\011%b\011\011\011%b", v000001f3c004a610_0, v000001f3c004c370_0, v000001f3c004ab10_0, &PV<v000001f3c004c5f0_0, 1, 1>, &PV<v000001f3c004c5f0_0, 0, 1>, v000001f3c004a6b0_0, v000001f3c004a750_0 {0 0 0};
    %delay 5, 0;
    %pushi/vec4 23, 0, 8;
    %store/vec4 v000001f3c004a610_0, 0, 8;
    %pushi/vec4 60, 0, 8;
    %store/vec4 v000001f3c004c370_0, 0, 8;
    %pushi/vec4 0, 0, 1;
    %store/vec4 v000001f3c004ab10_0, 0, 1;
    %pushi/vec4 0, 0, 2;
    %store/vec4 v000001f3c004c5f0_0, 0, 2;
    %delay 5, 0;
    %pushi/vec4 100, 0, 8;
    %store/vec4 v000001f3c004a610_0, 0, 8;
    %pushi/vec4 27, 0, 8;
    %store/vec4 v000001f3c004c370_0, 0, 8;
    %pushi/vec4 0, 0, 1;
    %store/vec4 v000001f3c004ab10_0, 0, 1;
    %pushi/vec4 0, 0, 2;
    %store/vec4 v000001f3c004c5f0_0, 0, 2;
    %delay 5, 0;
    %pushi/vec4 100, 0, 8;
    %store/vec4 v000001f3c004a610_0, 0, 8;
    %pushi/vec4 28, 0, 8;
    %store/vec4 v000001f3c004c370_0, 0, 8;
    %pushi/vec4 0, 0, 1;
    %store/vec4 v000001f3c004ab10_0, 0, 1;
    %pushi/vec4 0, 0, 2;
    %store/vec4 v000001f3c004c5f0_0, 0, 2;
    %delay 5, 0;
    %pushi/vec4 23, 0, 8;
    %store/vec4 v000001f3c004a610_0, 0, 8;
    %pushi/vec4 196, 0, 8;
    %store/vec4 v000001f3c004c370_0, 0, 8;
    %pushi/vec4 0, 0, 1;
    %store/vec4 v000001f3c004ab10_0, 0, 1;
    %pushi/vec4 0, 0, 2;
    %store/vec4 v000001f3c004c5f0_0, 0, 2;
    %delay 5, 0;
    %pushi/vec4 0, 0, 8;
    %store/vec4 v000001f3c004a610_0, 0, 8;
    %pushi/vec4 128, 0, 8;
    %store/vec4 v000001f3c004c370_0, 0, 8;
    %pushi/vec4 0, 0, 1;
    %store/vec4 v000001f3c004ab10_0, 0, 1;
    %pushi/vec4 0, 0, 2;
    %store/vec4 v000001f3c004c5f0_0, 0, 2;
    %delay 5, 0;
    %pushi/vec4 246, 0, 8;
    %store/vec4 v000001f3c004a610_0, 0, 8;
    %pushi/vec4 128, 0, 8;
    %store/vec4 v000001f3c004c370_0, 0, 8;
    %pushi/vec4 0, 0, 1;
    %store/vec4 v000001f3c004ab10_0, 0, 1;
    %pushi/vec4 0, 0, 2;
    %store/vec4 v000001f3c004c5f0_0, 0, 2;
    %delay 5, 0;
    %pushi/vec4 0, 0, 8;
    %store/vec4 v000001f3c004a610_0, 0, 8;
    %pushi/vec4 0, 0, 8;
    %store/vec4 v000001f3c004c370_0, 0, 8;
    %pushi/vec4 1, 0, 1;
    %store/vec4 v000001f3c004ab10_0, 0, 1;
    %pushi/vec4 0, 0, 2;
    %store/vec4 v000001f3c004c5f0_0, 0, 2;
    %delay 5, 0;
    %pushi/vec4 23, 0, 8;
    %store/vec4 v000001f3c004a610_0, 0, 8;
    %pushi/vec4 60, 0, 8;
    %store/vec4 v000001f3c004c370_0, 0, 8;
    %pushi/vec4 1, 0, 1;
    %store/vec4 v000001f3c004ab10_0, 0, 1;
    %pushi/vec4 0, 0, 2;
    %store/vec4 v000001f3c004c5f0_0, 0, 2;
    %delay 5, 0;
    %pushi/vec4 0, 0, 8;
    %store/vec4 v000001f3c004a610_0, 0, 8;
    %pushi/vec4 127, 0, 8;
    %store/vec4 v000001f3c004c370_0, 0, 8;
    %pushi/vec4 1, 0, 1;
    %store/vec4 v000001f3c004ab10_0, 0, 1;
    %pushi/vec4 0, 0, 2;
    %store/vec4 v000001f3c004c5f0_0, 0, 2;
    %delay 5, 0;
    %pushi/vec4 10, 0, 8;
    %store/vec4 v000001f3c004a610_0, 0, 8;
    %pushi/vec4 127, 0, 8;
    %store/vec4 v000001f3c004c370_0, 0, 8;
    %pushi/vec4 1, 0, 1;
    %store/vec4 v000001f3c004ab10_0, 0, 1;
    %pushi/vec4 0, 0, 2;
    %store/vec4 v000001f3c004c5f0_0, 0, 2;
    %delay 5, 0;
    %pushi/vec4 23, 0, 8;
    %store/vec4 v000001f3c004a610_0, 0, 8;
    %pushi/vec4 250, 0, 8;
    %store/vec4 v000001f3c004c370_0, 0, 8;
    %pushi/vec4 1, 0, 1;
    %store/vec4 v000001f3c004ab10_0, 0, 1;
    %pushi/vec4 0, 0, 2;
    %store/vec4 v000001f3c004c5f0_0, 0, 2;
    %delay 5, 0;
    %pushi/vec4 100, 0, 8;
    %store/vec4 v000001f3c004a610_0, 0, 8;
    %pushi/vec4 229, 0, 8;
    %store/vec4 v000001f3c004c370_0, 0, 8;
    %pushi/vec4 1, 0, 1;
    %store/vec4 v000001f3c004ab10_0, 0, 1;
    %pushi/vec4 0, 0, 2;
    %store/vec4 v000001f3c004c5f0_0, 0, 2;
    %delay 5, 0;
    %pushi/vec4 100, 0, 8;
    %store/vec4 v000001f3c004a610_0, 0, 8;
    %pushi/vec4 228, 0, 8;
    %store/vec4 v000001f3c004c370_0, 0, 8;
    %pushi/vec4 1, 0, 1;
    %store/vec4 v000001f3c004ab10_0, 0, 1;
    %pushi/vec4 0, 0, 2;
    %store/vec4 v000001f3c004c5f0_0, 0, 2;
    %end;
    .thread T_0;
# The file index is used to find the file name in the following table.
:file_names 10;
    "N/A";
    "<interactive>";
    "8_bit_adder_tb.v";
    "./8_bit_adder.v";
    "./ALU.v";
    "./1_bit_MUX.v";
    "./2_bit_MUX.v";
    "./adder.v";
    "./ALU_MSB.v";
    "./overflow.v";
