#! /c/Source/iverilog-install/bin/vvp
:ivl_version "12.0 (devel)" "(s20150603-1539-g2693dd32b)";
:ivl_delay_selection "TYPICAL";
:vpi_time_precision + 0;
:vpi_module "C:\iverilog\lib\ivl\system.vpi";
:vpi_module "C:\iverilog\lib\ivl\vhdl_sys.vpi";
:vpi_module "C:\iverilog\lib\ivl\vhdl_textio.vpi";
:vpi_module "C:\iverilog\lib\ivl\v2005_math.vpi";
:vpi_module "C:\iverilog\lib\ivl\va_math.vpi";
S_0000025f06b2b930 .scope module, "adder_basic_tb" "adder_basic_tb" 2 4;
 .timescale 0 0;
v0000025f06aa2da0_0 .var "a", 7 0;
v0000025f06aa3660_0 .var "b", 7 0;
v0000025f06aa2e40_0 .net "out", 7 0, v0000025f06aa33e0_0;  1 drivers
v0000025f06aa2bc0_0 .net "overflow", 0 0, L_0000025f06a42e50;  1 drivers
v0000025f06aa32a0_0 .var "subtract", 0 0;
S_0000025f06b2d5e0 .scope module, "adder_basic_dut" "adder_basic" 2 13, 3 1 0, S_0000025f06b2b930;
 .timescale 0 0;
    .port_info 0 /INPUT 8 "a";
    .port_info 1 /INPUT 8 "b";
    .port_info 2 /INPUT 1 "subtract";
    .port_info 3 /OUTPUT 8 "out";
    .port_info 4 /OUTPUT 1 "overflow";
v0000025f06aa30c0_0 .net "a", 7 0, v0000025f06aa2da0_0;  1 drivers
v0000025f06aa35c0_0 .net "b", 7 0, v0000025f06aa3660_0;  1 drivers
v0000025f06aa3340_0 .var "b_out", 7 0;
v0000025f06aa33e0_0 .var "out", 7 0;
v0000025f06aa2c60_0 .net "overflow", 0 0, L_0000025f06a42e50;  alias, 1 drivers
v0000025f06aa2d00_0 .net "subtract", 0 0, v0000025f06aa32a0_0;  1 drivers
E_0000025f06a39860 .event anyedge, v0000025f06aa2d00_0, v0000025f06aa35c0_0, v0000025f06aa30c0_0, v0000025f06aa3340_0;
L_0000025f06aa3480 .part v0000025f06aa2da0_0, 7, 1;
L_0000025f06aa3700 .part v0000025f06aa3340_0, 7, 1;
L_0000025f06aa29e0 .part v0000025f06aa33e0_0, 7, 1;
S_0000025f06b2d770 .scope module, "ovr_flo" "overflow" 3 14, 4 1 0, S_0000025f06b2d5e0;
 .timescale 0 0;
    .port_info 0 /INPUT 1 "a";
    .port_info 1 /INPUT 1 "b";
    .port_info 2 /INPUT 1 "result";
    .port_info 3 /OUTPUT 1 "overflow";
L_0000025f06a4d7d0 .functor NOT 1, L_0000025f06aa3480, C4<0>, C4<0>, C4<0>;
L_0000025f06a4d840 .functor NOT 1, L_0000025f06aa3700, C4<0>, C4<0>, C4<0>;
L_0000025f06a4d5a0 .functor AND 1, L_0000025f06a4d7d0, L_0000025f06a4d840, C4<1>, C4<1>;
L_0000025f06a4d680 .functor AND 1, L_0000025f06a4d5a0, L_0000025f06aa29e0, C4<1>, C4<1>;
L_0000025f06a4d760 .functor AND 1, L_0000025f06aa3480, L_0000025f06aa3700, C4<1>, C4<1>;
L_0000025f06a428a0 .functor NOT 1, L_0000025f06aa29e0, C4<0>, C4<0>, C4<0>;
L_0000025f06a42520 .functor AND 1, L_0000025f06a4d760, L_0000025f06a428a0, C4<1>, C4<1>;
L_0000025f06a42e50 .functor OR 1, L_0000025f06a4d680, L_0000025f06a42520, C4<0>, C4<0>;
v0000025f06b2bd10_0 .net *"_ivl_0", 0 0, L_0000025f06a4d7d0;  1 drivers
v0000025f06a134f0_0 .net *"_ivl_10", 0 0, L_0000025f06a428a0;  1 drivers
v0000025f06b2d900_0 .net *"_ivl_12", 0 0, L_0000025f06a42520;  1 drivers
v0000025f06b2d9a0_0 .net *"_ivl_2", 0 0, L_0000025f06a4d840;  1 drivers
v0000025f06b2e5c0_0 .net *"_ivl_4", 0 0, L_0000025f06a4d5a0;  1 drivers
v0000025f06aa3020_0 .net *"_ivl_6", 0 0, L_0000025f06a4d680;  1 drivers
v0000025f06aa2ee0_0 .net *"_ivl_8", 0 0, L_0000025f06a4d760;  1 drivers
v0000025f06aa2f80_0 .net "a", 0 0, L_0000025f06aa3480;  1 drivers
v0000025f06aa3160_0 .net "b", 0 0, L_0000025f06aa3700;  1 drivers
v0000025f06aa3520_0 .net "overflow", 0 0, L_0000025f06a42e50;  alias, 1 drivers
v0000025f06aa3200_0 .net "result", 0 0, L_0000025f06aa29e0;  1 drivers
    .scope S_0000025f06b2d5e0;
T_0 ;
    %wait E_0000025f06a39860;
    %load/vec4 v0000025f06aa2d00_0;
    %flag_set/vec4 8;
    %jmp/0xz  T_0.0, 8;
    %load/vec4 v0000025f06aa35c0_0;
    %inv;
    %addi 1, 0, 8;
    %store/vec4 v0000025f06aa3340_0, 0, 8;
    %jmp T_0.1;
T_0.0 ;
    %load/vec4 v0000025f06aa35c0_0;
    %store/vec4 v0000025f06aa3340_0, 0, 8;
T_0.1 ;
    %load/vec4 v0000025f06aa30c0_0;
    %load/vec4 v0000025f06aa3340_0;
    %add;
    %store/vec4 v0000025f06aa33e0_0, 0, 8;
    %jmp T_0;
    .thread T_0, $push;
    .scope S_0000025f06b2b930;
T_1 ;
    %pushi/vec4 0, 0, 8;
    %store/vec4 v0000025f06aa2da0_0, 0, 8;
    %pushi/vec4 0, 0, 8;
    %store/vec4 v0000025f06aa3660_0, 0, 8;
    %vpi_call 2 25 "$display", "a\011\011\011b\011\011\011subtract\011result\011Overflow" {0 0 0};
    %vpi_call 2 26 "$monitor", "%b\011%b\011%b\011\011%b\011%b", v0000025f06aa2da0_0, v0000025f06aa3660_0, v0000025f06aa32a0_0, v0000025f06aa2e40_0, v0000025f06aa2bc0_0 {0 0 0};
    %delay 5, 0;
    %pushi/vec4 23, 0, 8;
    %store/vec4 v0000025f06aa2da0_0, 0, 8;
    %pushi/vec4 60, 0, 8;
    %store/vec4 v0000025f06aa3660_0, 0, 8;
    %pushi/vec4 0, 0, 1;
    %store/vec4 v0000025f06aa32a0_0, 0, 1;
    %delay 5, 0;
    %pushi/vec4 100, 0, 8;
    %store/vec4 v0000025f06aa2da0_0, 0, 8;
    %pushi/vec4 27, 0, 8;
    %store/vec4 v0000025f06aa3660_0, 0, 8;
    %pushi/vec4 0, 0, 1;
    %store/vec4 v0000025f06aa32a0_0, 0, 1;
    %delay 5, 0;
    %pushi/vec4 100, 0, 8;
    %store/vec4 v0000025f06aa2da0_0, 0, 8;
    %pushi/vec4 28, 0, 8;
    %store/vec4 v0000025f06aa3660_0, 0, 8;
    %pushi/vec4 0, 0, 1;
    %store/vec4 v0000025f06aa32a0_0, 0, 1;
    %delay 5, 0;
    %pushi/vec4 23, 0, 8;
    %store/vec4 v0000025f06aa2da0_0, 0, 8;
    %pushi/vec4 196, 0, 8;
    %store/vec4 v0000025f06aa3660_0, 0, 8;
    %pushi/vec4 0, 0, 1;
    %store/vec4 v0000025f06aa32a0_0, 0, 1;
    %delay 5, 0;
    %pushi/vec4 0, 0, 8;
    %store/vec4 v0000025f06aa2da0_0, 0, 8;
    %pushi/vec4 128, 0, 8;
    %store/vec4 v0000025f06aa3660_0, 0, 8;
    %pushi/vec4 0, 0, 1;
    %store/vec4 v0000025f06aa32a0_0, 0, 1;
    %delay 5, 0;
    %pushi/vec4 246, 0, 8;
    %store/vec4 v0000025f06aa2da0_0, 0, 8;
    %pushi/vec4 128, 0, 8;
    %store/vec4 v0000025f06aa3660_0, 0, 8;
    %pushi/vec4 0, 0, 1;
    %store/vec4 v0000025f06aa32a0_0, 0, 1;
    %delay 5, 0;
    %pushi/vec4 0, 0, 8;
    %store/vec4 v0000025f06aa2da0_0, 0, 8;
    %pushi/vec4 0, 0, 8;
    %store/vec4 v0000025f06aa3660_0, 0, 8;
    %pushi/vec4 1, 0, 1;
    %store/vec4 v0000025f06aa32a0_0, 0, 1;
    %delay 5, 0;
    %pushi/vec4 23, 0, 8;
    %store/vec4 v0000025f06aa2da0_0, 0, 8;
    %pushi/vec4 60, 0, 8;
    %store/vec4 v0000025f06aa3660_0, 0, 8;
    %pushi/vec4 1, 0, 1;
    %store/vec4 v0000025f06aa32a0_0, 0, 1;
    %delay 5, 0;
    %pushi/vec4 0, 0, 8;
    %store/vec4 v0000025f06aa2da0_0, 0, 8;
    %pushi/vec4 127, 0, 8;
    %store/vec4 v0000025f06aa3660_0, 0, 8;
    %pushi/vec4 1, 0, 1;
    %store/vec4 v0000025f06aa32a0_0, 0, 1;
    %delay 5, 0;
    %pushi/vec4 23, 0, 8;
    %store/vec4 v0000025f06aa2da0_0, 0, 8;
    %pushi/vec4 250, 0, 8;
    %store/vec4 v0000025f06aa3660_0, 0, 8;
    %pushi/vec4 1, 0, 1;
    %store/vec4 v0000025f06aa32a0_0, 0, 1;
    %delay 5, 0;
    %pushi/vec4 10, 0, 8;
    %store/vec4 v0000025f06aa2da0_0, 0, 8;
    %pushi/vec4 127, 0, 8;
    %store/vec4 v0000025f06aa3660_0, 0, 8;
    %pushi/vec4 1, 0, 1;
    %store/vec4 v0000025f06aa32a0_0, 0, 1;
    %delay 5, 0;
    %pushi/vec4 100, 0, 8;
    %store/vec4 v0000025f06aa2da0_0, 0, 8;
    %pushi/vec4 229, 0, 8;
    %store/vec4 v0000025f06aa3660_0, 0, 8;
    %pushi/vec4 1, 0, 1;
    %store/vec4 v0000025f06aa32a0_0, 0, 1;
    %delay 5, 0;
    %pushi/vec4 100, 0, 8;
    %store/vec4 v0000025f06aa2da0_0, 0, 8;
    %pushi/vec4 228, 0, 8;
    %store/vec4 v0000025f06aa3660_0, 0, 8;
    %pushi/vec4 1, 0, 1;
    %store/vec4 v0000025f06aa32a0_0, 0, 1;
    %end;
    .thread T_1;
# The file index is used to find the file name in the following table.
:file_names 5;
    "N/A";
    "<interactive>";
    "adder_basic_tb.v";
    "./adder_basic.v";
    "./overflow.v";
