#! /c/Source/iverilog-install/bin/vvp
:ivl_version "12.0 (devel)" "(s20150603-1539-g2693dd32b)";
:ivl_delay_selection "TYPICAL";
:vpi_time_precision + 0;
:vpi_module "C:\iverilog\lib\ivl\system.vpi";
:vpi_module "C:\iverilog\lib\ivl\vhdl_sys.vpi";
:vpi_module "C:\iverilog\lib\ivl\vhdl_textio.vpi";
:vpi_module "C:\iverilog\lib\ivl\v2005_math.vpi";
:vpi_module "C:\iverilog\lib\ivl\va_math.vpi";
S_0000021fc24cde70 .scope module, "ALU_MSB" "ALU_MSB" 2 4;
 .timescale 0 0;
    .port_info 0 /INPUT 1 "a";
    .port_info 1 /INPUT 1 "b";
    .port_info 2 /INPUT 1 "b_inv";
    .port_info 3 /INPUT 1 "c_in";
    .port_info 4 /INPUT 2 "operation";
    .port_info 5 /OUTPUT 1 "result";
    .port_info 6 /OUTPUT 1 "c_out";
    .port_info 7 /OUTPUT 1 "overflow";
    .port_info 8 /OUTPUT 1 "b_out";
o0000021fc2565778 .functor BUFZ 1, C4<z>; HiZ drive
v0000021fc25bda70_0 .net "a", 0 0, o0000021fc2565778;  0 drivers
v0000021fc25be470_0 .net "a_out", 0 0, L_0000021fc25504f0;  1 drivers
o0000021fc2565a48 .functor BUFZ 1, C4<z>; HiZ drive
v0000021fc25be330_0 .net "b", 0 0, o0000021fc2565a48;  0 drivers
o0000021fc2564fc8 .functor BUFZ 1, C4<z>; HiZ drive
v0000021fc25bdd90_0 .net "b_inv", 0 0, o0000021fc2564fc8;  0 drivers
v0000021fc25bd750_0 .net "b_out", 0 0, v0000021fc2552620_0;  1 drivers
o0000021fc25657a8 .functor BUFZ 1, C4<z>; HiZ drive
v0000021fc25be650_0 .net "c_in", 0 0, o0000021fc25657a8;  0 drivers
v0000021fc25be790_0 .net "c_out", 0 0, L_0000021fc25bfa50;  1 drivers
o0000021fc25650e8 .functor BUFZ 2, C4<zz>; HiZ drive
v0000021fc25be8d0_0 .net "operation", 1 0, o0000021fc25650e8;  0 drivers
v0000021fc25bd1b0_0 .net "overflow", 0 0, L_0000021fc25bfdd0;  1 drivers
v0000021fc25be1f0_0 .net "result", 0 0, v0000021fc2553a20_0;  1 drivers
v0000021fc25be290_0 .net "sum_out", 0 0, L_0000021fc2550100;  1 drivers
S_0000021fc24ce000 .scope module, "ALU_raw" "ALU" 2 18, 3 5 0, S_0000021fc24cde70;
 .timescale 0 0;
    .port_info 0 /INPUT 1 "a";
    .port_info 1 /INPUT 1 "b";
    .port_info 2 /INPUT 1 "b_inv";
    .port_info 3 /INPUT 1 "c_in";
    .port_info 4 /INPUT 2 "operation";
    .port_info 5 /OUTPUT 1 "result";
    .port_info 6 /OUTPUT 1 "carry_out";
    .port_info 7 /OUTPUT 1 "a_out";
    .port_info 8 /OUTPUT 1 "b_out";
    .port_info 9 /OUTPUT 1 "sum_out";
L_0000021fc25504f0 .functor BUFZ 1, o0000021fc2565778, C4<0>, C4<0>, C4<0>;
L_0000021fc254fa70 .functor NOT 1, o0000021fc2565a48, C4<0>, C4<0>, C4<0>;
L_0000021fc25bf6d0 .functor BUFZ 1, L_0000021fc2550100, C4<0>, C4<0>, C4<0>;
L_0000021fc25c00e8 .functor BUFT 1, C4<0>, C4<0>, C4<0>, C4<0>;
v0000021fc2553160_0 .net/2s *"_ivl_12", 0 0, L_0000021fc25c00e8;  1 drivers
L_0000021fc25c0130 .functor BUFT 1, C4<0>, C4<0>, C4<0>, C4<0>;
v0000021fc2553200_0 .net/2s *"_ivl_16", 0 0, L_0000021fc25c0130;  1 drivers
v0000021fc25533e0_0 .net *"_ivl_2", 0 0, L_0000021fc254fa70;  1 drivers
L_0000021fc25c0178 .functor BUFT 1, C4<0>, C4<0>, C4<0>, C4<0>;
v0000021fc2553700_0 .net/2s *"_ivl_21", 0 0, L_0000021fc25c0178;  1 drivers
v0000021fc2553b60_0 .net *"_ivl_9", 0 0, L_0000021fc25bf6d0;  1 drivers
v0000021fc25bde30_0 .net "a", 0 0, o0000021fc2565778;  alias, 0 drivers
v0000021fc25bd890_0 .net "a_out", 0 0, L_0000021fc25504f0;  alias, 1 drivers
v0000021fc25bdf70_0 .net "b", 0 0, o0000021fc2565a48;  alias, 0 drivers
v0000021fc25bded0_0 .net "b_inv", 0 0, o0000021fc2564fc8;  alias, 0 drivers
v0000021fc25be510_0 .net "b_out", 0 0, v0000021fc2552620_0;  alias, 1 drivers
v0000021fc25bdcf0_0 .net "c_in", 0 0, o0000021fc25657a8;  alias, 0 drivers
v0000021fc25be5b0_0 .net "carry_out", 0 0, L_0000021fc25bfa50;  alias, 1 drivers
v0000021fc25bd2f0_0 .net "final_MUX_input", 3 0, L_0000021fc25be830;  1 drivers
v0000021fc25be6f0_0 .net "in", 1 0, L_0000021fc25be3d0;  1 drivers
v0000021fc25bdb10_0 .net "operation", 1 0, o0000021fc25650e8;  alias, 0 drivers
v0000021fc25be0b0_0 .net "result", 0 0, v0000021fc2553a20_0;  alias, 1 drivers
v0000021fc25bedd0_0 .net "sum_out", 0 0, L_0000021fc2550100;  alias, 1 drivers
L_0000021fc25be3d0 .concat [ 1 1 0 0], o0000021fc2565a48, L_0000021fc254fa70;
L_0000021fc25be830 .concat8 [ 1 1 1 1], L_0000021fc25bf6d0, L_0000021fc25c00e8, L_0000021fc25c0130, L_0000021fc25c0178;
S_0000021fc25559a0 .scope module, "MUX_1_bit_b_inv" "MUX_1_bit" 3 24, 4 1 0, S_0000021fc24ce000;
 .timescale 0 0;
    .port_info 0 /INPUT 2 "in";
    .port_info 1 /INPUT 1 "choose";
    .port_info 2 /OUTPUT 1 "z_out";
v0000021fc25524e0_0 .net "choose", 0 0, o0000021fc2564fc8;  alias, 0 drivers
v0000021fc2553840_0 .net "in", 1 0, L_0000021fc25be3d0;  alias, 1 drivers
v0000021fc2552620_0 .var "z_out", 0 0;
E_0000021fc254cad0 .event anyedge, v0000021fc25524e0_0, v0000021fc2553840_0;
S_0000021fc2555b30 .scope module, "MUX_2_bit_operation" "MUX_2_bit" 3 35, 5 1 0, S_0000021fc24ce000;
 .timescale 0 0;
    .port_info 0 /INPUT 4 "in";
    .port_info 1 /INPUT 2 "choose";
    .port_info 2 /OUTPUT 1 "z_out";
v0000021fc2551cc0_0 .net "choose", 1 0, o0000021fc25650e8;  alias, 0 drivers
v0000021fc2553480_0 .net "in", 3 0, L_0000021fc25be830;  alias, 1 drivers
v0000021fc2553a20_0 .var "z_out", 0 0;
E_0000021fc254c3d0 .event anyedge, v0000021fc2551cc0_0, v0000021fc2553480_0;
S_0000021fc24ce7a0 .scope module, "adder_alu" "adder" 3 27, 6 1 0, S_0000021fc24ce000;
 .timescale 0 0;
    .port_info 0 /OUTPUT 1 "s";
    .port_info 1 /OUTPUT 1 "c0";
    .port_info 2 /INPUT 1 "a";
    .port_info 3 /INPUT 1 "b";
    .port_info 4 /INPUT 1 "c";
L_0000021fc25505d0 .functor NOT 1, o0000021fc2565778, C4<0>, C4<0>, C4<0>;
L_0000021fc254fe60 .functor NOT 1, v0000021fc2552620_0, C4<0>, C4<0>, C4<0>;
L_0000021fc2550790 .functor AND 1, L_0000021fc25505d0, L_0000021fc254fe60, C4<1>, C4<1>;
L_0000021fc2550640 .functor AND 1, L_0000021fc2550790, o0000021fc25657a8, C4<1>, C4<1>;
L_0000021fc2550720 .functor NOT 1, o0000021fc2565778, C4<0>, C4<0>, C4<0>;
L_0000021fc2550560 .functor AND 1, L_0000021fc2550720, v0000021fc2552620_0, C4<1>, C4<1>;
L_0000021fc254fbc0 .functor NOT 1, o0000021fc25657a8, C4<0>, C4<0>, C4<0>;
L_0000021fc254fd80 .functor AND 1, L_0000021fc2550560, L_0000021fc254fbc0, C4<1>, C4<1>;
L_0000021fc254f990 .functor OR 1, L_0000021fc2550640, L_0000021fc254fd80, C4<0>, C4<0>;
L_0000021fc254fd10 .functor NOT 1, v0000021fc2552620_0, C4<0>, C4<0>, C4<0>;
L_0000021fc2550870 .functor AND 1, o0000021fc2565778, L_0000021fc254fd10, C4<1>, C4<1>;
L_0000021fc25502c0 .functor NOT 1, o0000021fc25657a8, C4<0>, C4<0>, C4<0>;
L_0000021fc254fc30 .functor AND 1, L_0000021fc2550870, L_0000021fc25502c0, C4<1>, C4<1>;
L_0000021fc254fca0 .functor OR 1, L_0000021fc254f990, L_0000021fc254fc30, C4<0>, C4<0>;
L_0000021fc254fed0 .functor AND 1, o0000021fc2565778, v0000021fc2552620_0, C4<1>, C4<1>;
L_0000021fc254fae0 .functor AND 1, L_0000021fc254fed0, o0000021fc25657a8, C4<1>, C4<1>;
L_0000021fc2550100 .functor OR 1, L_0000021fc254fca0, L_0000021fc254fae0, C4<0>, C4<0>;
L_0000021fc2550090 .functor NOT 1, o0000021fc2565778, C4<0>, C4<0>, C4<0>;
L_0000021fc2550330 .functor AND 1, L_0000021fc2550090, v0000021fc2552620_0, C4<1>, C4<1>;
L_0000021fc254ff40 .functor AND 1, L_0000021fc2550330, o0000021fc25657a8, C4<1>, C4<1>;
L_0000021fc254ffb0 .functor NOT 1, v0000021fc2552620_0, C4<0>, C4<0>, C4<0>;
L_0000021fc2550020 .functor AND 1, o0000021fc2565778, L_0000021fc254ffb0, C4<1>, C4<1>;
L_0000021fc25503a0 .functor AND 1, L_0000021fc2550020, o0000021fc25657a8, C4<1>, C4<1>;
L_0000021fc2550250 .functor OR 1, L_0000021fc254ff40, L_0000021fc25503a0, C4<0>, C4<0>;
L_0000021fc25bfe40 .functor AND 1, o0000021fc2565778, v0000021fc2552620_0, C4<1>, C4<1>;
L_0000021fc25bff20 .functor NOT 1, o0000021fc25657a8, C4<0>, C4<0>, C4<0>;
L_0000021fc25bfd60 .functor AND 1, L_0000021fc25bfe40, L_0000021fc25bff20, C4<1>, C4<1>;
L_0000021fc25bf190 .functor OR 1, L_0000021fc2550250, L_0000021fc25bfd60, C4<0>, C4<0>;
L_0000021fc25bf4a0 .functor AND 1, o0000021fc2565778, v0000021fc2552620_0, C4<1>, C4<1>;
L_0000021fc25bf900 .functor AND 1, L_0000021fc25bf4a0, o0000021fc25657a8, C4<1>, C4<1>;
L_0000021fc25bfa50 .functor OR 1, L_0000021fc25bf190, L_0000021fc25bf900, C4<0>, C4<0>;
v0000021fc2551e00_0 .net *"_ivl_0", 0 0, L_0000021fc25505d0;  1 drivers
v0000021fc2551d60_0 .net *"_ivl_10", 0 0, L_0000021fc2550560;  1 drivers
v0000021fc2551fe0_0 .net *"_ivl_12", 0 0, L_0000021fc254fbc0;  1 drivers
v0000021fc2552a80_0 .net *"_ivl_14", 0 0, L_0000021fc254fd80;  1 drivers
v0000021fc2552080_0 .net *"_ivl_16", 0 0, L_0000021fc254f990;  1 drivers
v0000021fc2552760_0 .net *"_ivl_18", 0 0, L_0000021fc254fd10;  1 drivers
v0000021fc25528a0_0 .net *"_ivl_2", 0 0, L_0000021fc254fe60;  1 drivers
v0000021fc25532a0_0 .net *"_ivl_20", 0 0, L_0000021fc2550870;  1 drivers
v0000021fc25526c0_0 .net *"_ivl_22", 0 0, L_0000021fc25502c0;  1 drivers
v0000021fc2552940_0 .net *"_ivl_24", 0 0, L_0000021fc254fc30;  1 drivers
v0000021fc2552ee0_0 .net *"_ivl_26", 0 0, L_0000021fc254fca0;  1 drivers
v0000021fc2552c60_0 .net *"_ivl_28", 0 0, L_0000021fc254fed0;  1 drivers
v0000021fc25538e0_0 .net *"_ivl_30", 0 0, L_0000021fc254fae0;  1 drivers
v0000021fc2552120_0 .net *"_ivl_34", 0 0, L_0000021fc2550090;  1 drivers
v0000021fc2553980_0 .net *"_ivl_36", 0 0, L_0000021fc2550330;  1 drivers
v0000021fc25521c0_0 .net *"_ivl_38", 0 0, L_0000021fc254ff40;  1 drivers
v0000021fc2553520_0 .net *"_ivl_4", 0 0, L_0000021fc2550790;  1 drivers
v0000021fc2552260_0 .net *"_ivl_40", 0 0, L_0000021fc254ffb0;  1 drivers
v0000021fc2552300_0 .net *"_ivl_42", 0 0, L_0000021fc2550020;  1 drivers
v0000021fc25523a0_0 .net *"_ivl_44", 0 0, L_0000021fc25503a0;  1 drivers
v0000021fc25535c0_0 .net *"_ivl_46", 0 0, L_0000021fc2550250;  1 drivers
v0000021fc2553340_0 .net *"_ivl_48", 0 0, L_0000021fc25bfe40;  1 drivers
v0000021fc25537a0_0 .net *"_ivl_50", 0 0, L_0000021fc25bff20;  1 drivers
v0000021fc2553ac0_0 .net *"_ivl_52", 0 0, L_0000021fc25bfd60;  1 drivers
v0000021fc2552440_0 .net *"_ivl_54", 0 0, L_0000021fc25bf190;  1 drivers
v0000021fc2552800_0 .net *"_ivl_56", 0 0, L_0000021fc25bf4a0;  1 drivers
v0000021fc25529e0_0 .net *"_ivl_58", 0 0, L_0000021fc25bf900;  1 drivers
v0000021fc2552f80_0 .net *"_ivl_6", 0 0, L_0000021fc2550640;  1 drivers
v0000021fc2553660_0 .net *"_ivl_8", 0 0, L_0000021fc2550720;  1 drivers
v0000021fc2553020_0 .net "a", 0 0, o0000021fc2565778;  alias, 0 drivers
v0000021fc2552b20_0 .net "b", 0 0, v0000021fc2552620_0;  alias, 1 drivers
v0000021fc25530c0_0 .net "c", 0 0, o0000021fc25657a8;  alias, 0 drivers
v0000021fc2552bc0_0 .net "c0", 0 0, L_0000021fc25bfa50;  alias, 1 drivers
v0000021fc2552d00_0 .net "s", 0 0, L_0000021fc2550100;  alias, 1 drivers
S_0000021fc24ce930 .scope module, "ovr_flo" "overflow" 2 31, 7 1 0, S_0000021fc24cde70;
 .timescale 0 0;
    .port_info 0 /INPUT 1 "a";
    .port_info 1 /INPUT 1 "b";
    .port_info 2 /INPUT 1 "result";
    .port_info 3 /OUTPUT 1 "overflow";
L_0000021fc25bf7b0 .functor NOT 1, L_0000021fc25504f0, C4<0>, C4<0>, C4<0>;
L_0000021fc25bfeb0 .functor NOT 1, v0000021fc2552620_0, C4<0>, C4<0>, C4<0>;
L_0000021fc25bff90 .functor AND 1, L_0000021fc25bf7b0, L_0000021fc25bfeb0, C4<1>, C4<1>;
L_0000021fc25bf2e0 .functor AND 1, L_0000021fc25bff90, L_0000021fc2550100, C4<1>, C4<1>;
L_0000021fc25bf970 .functor AND 1, L_0000021fc25504f0, v0000021fc2552620_0, C4<1>, C4<1>;
L_0000021fc25bf510 .functor NOT 1, L_0000021fc2550100, C4<0>, C4<0>, C4<0>;
L_0000021fc25bf200 .functor AND 1, L_0000021fc25bf970, L_0000021fc25bf510, C4<1>, C4<1>;
L_0000021fc25bfdd0 .functor OR 1, L_0000021fc25bf2e0, L_0000021fc25bf200, C4<0>, C4<0>;
v0000021fc25bd930_0 .net *"_ivl_0", 0 0, L_0000021fc25bf7b0;  1 drivers
v0000021fc25bee70_0 .net *"_ivl_10", 0 0, L_0000021fc25bf510;  1 drivers
v0000021fc25bec90_0 .net *"_ivl_12", 0 0, L_0000021fc25bf200;  1 drivers
v0000021fc25bdbb0_0 .net *"_ivl_2", 0 0, L_0000021fc25bfeb0;  1 drivers
v0000021fc25bdc50_0 .net *"_ivl_4", 0 0, L_0000021fc25bff90;  1 drivers
v0000021fc25bd9d0_0 .net *"_ivl_6", 0 0, L_0000021fc25bf2e0;  1 drivers
v0000021fc25bd610_0 .net *"_ivl_8", 0 0, L_0000021fc25bf970;  1 drivers
v0000021fc25be150_0 .net "a", 0 0, L_0000021fc25504f0;  alias, 1 drivers
v0000021fc25bd6b0_0 .net "b", 0 0, v0000021fc2552620_0;  alias, 1 drivers
v0000021fc25bef10_0 .net "overflow", 0 0, L_0000021fc25bfdd0;  alias, 1 drivers
v0000021fc25be010_0 .net "result", 0 0, L_0000021fc2550100;  alias, 1 drivers
    .scope S_0000021fc25559a0;
T_0 ;
    %wait E_0000021fc254cad0;
    %load/vec4 v0000021fc2553840_0;
    %load/vec4 v0000021fc25524e0_0;
    %part/u 1;
    %store/vec4 v0000021fc2552620_0, 0, 1;
    %jmp T_0;
    .thread T_0, $push;
    .scope S_0000021fc2555b30;
T_1 ;
    %wait E_0000021fc254c3d0;
    %load/vec4 v0000021fc2553480_0;
    %load/vec4 v0000021fc2551cc0_0;
    %part/u 1;
    %store/vec4 v0000021fc2553a20_0, 0, 1;
    %jmp T_1;
    .thread T_1, $push;
# The file index is used to find the file name in the following table.
:file_names 8;
    "N/A";
    "<interactive>";
    "ALU_MSB.v";
    "./ALU.v";
    "./1_bit_MUX.v";
    "./2_bit_MUX.v";
    "./adder.v";
    "./overflow.v";
